<?xml version="1.0" encoding="UTF-8"?>
<testsuite name="TestRunner" tests="1" skipped="0" failures="0" errors="0" timestamp="2021-03-12T00:43:34" hostname="ELSLAPM-404016" time="2.51">
  <properties/>
  <testcase name="testParallel" classname="TestRunner" time="2.51"/>
  <system-out><![CDATA[00:43:35.041 [Test worker] INFO com.intuit.karate.Runner - waiting for parallel features to complete ...
00:43:35.167 [ForkJoinPool-1-worker-3] DEBUG com.jayway.jsonpath.internal.path.CompiledPath - Evaluating path: $
00:43:35.167 [ForkJoinPool-1-worker-11] DEBUG com.jayway.jsonpath.internal.path.CompiledPath - Evaluating path: $
00:43:35.167 [ForkJoinPool-1-worker-7] DEBUG com.jayway.jsonpath.internal.path.CompiledPath - Evaluating path: $
00:43:35.167 [ForkJoinPool-1-worker-9] DEBUG com.jayway.jsonpath.internal.path.CompiledPath - Evaluating path: $
00:43:35.167 [ForkJoinPool-1-worker-5] DEBUG com.jayway.jsonpath.internal.path.CompiledPath - Evaluating path: $
00:43:35.212 [ForkJoinPool-1-worker-5] DEBUG com.jayway.jsonpath.internal.path.CompiledPath - Evaluating path: $
00:43:35.212 [ForkJoinPool-1-worker-3] DEBUG com.jayway.jsonpath.internal.path.CompiledPath - Evaluating path: $
00:43:35.212 [ForkJoinPool-1-worker-7] DEBUG com.jayway.jsonpath.internal.path.CompiledPath - Evaluating path: $
00:43:35.212 [ForkJoinPool-1-worker-11] DEBUG com.jayway.jsonpath.internal.path.CompiledPath - Evaluating path: $
00:43:35.275 [ForkJoinPool-1-worker-9] DEBUG com.jayway.jsonpath.internal.path.CompiledPath - Evaluating path: $
00:43:35.275 [ForkJoinPool-1-worker-9] DEBUG com.jayway.jsonpath.internal.path.CompiledPath - Evaluating path: $
00:43:35.278 [ForkJoinPool-1-worker-9] DEBUG com.jayway.jsonpath.internal.path.CompiledPath - Evaluating path: $
00:43:35.365 [ForkJoinPool-1-worker-7] DEBUG org.apache.http.client.protocol.RequestAddCookies - CookieSpec selected: karate
00:43:35.365 [ForkJoinPool-1-worker-3] DEBUG org.apache.http.client.protocol.RequestAddCookies - CookieSpec selected: karate
00:43:35.365 [ForkJoinPool-1-worker-5] DEBUG org.apache.http.client.protocol.RequestAddCookies - CookieSpec selected: karate
00:43:35.365 [ForkJoinPool-1-worker-9] DEBUG org.apache.http.client.protocol.RequestAddCookies - CookieSpec selected: karate
00:43:35.365 [ForkJoinPool-1-worker-11] DEBUG org.apache.http.client.protocol.RequestAddCookies - CookieSpec selected: karate
00:43:35.373 [ForkJoinPool-1-worker-3] DEBUG org.apache.http.client.protocol.RequestAuthCache - Auth cache not set in the context
00:43:35.373 [ForkJoinPool-1-worker-11] DEBUG org.apache.http.client.protocol.RequestAuthCache - Auth cache not set in the context
00:43:35.373 [ForkJoinPool-1-worker-5] DEBUG org.apache.http.client.protocol.RequestAuthCache - Auth cache not set in the context
00:43:35.373 [ForkJoinPool-1-worker-9] DEBUG org.apache.http.client.protocol.RequestAuthCache - Auth cache not set in the context
00:43:35.373 [ForkJoinPool-1-worker-7] DEBUG org.apache.http.client.protocol.RequestAuthCache - Auth cache not set in the context
00:43:35.374 [ForkJoinPool-1-worker-3] DEBUG com.intuit.karate - request:
1 > GET https://api-ssl.bitly.com/v4/groups/Bl39i27Ji5U/bitlinks/clicks
1 > Accept: */*
1 > Accept-Encoding: gzip,deflate
1 > Authorization: Bearer 48a7fe60034be1eb264102c122d31ea48f4ef04e
1 > Connection: Keep-Alive
1 > Content-Type: application/json
1 > Host: api-ssl.bitly.com
1 > User-Agent: Apache-HttpClient/4.5.12 (Java/14.0.2)

00:43:35.374 [ForkJoinPool-1-worker-7] DEBUG com.intuit.karate - request:
1 > GET https://api-ssl.bitly.com/v4/groups/Bl39i27Ji5U/bitlinks
1 > Accept: */*
1 > Accept-Encoding: gzip,deflate
1 > Authorization: Bearer 48a7fe60034be1eb264102c122d31ea48f4ef04e
1 > Connection: Keep-Alive
1 > Content-Type: application/json
1 > Host: api-ssl.bitly.com
1 > User-Agent: Apache-HttpClient/4.5.12 (Java/14.0.2)

00:43:35.374 [ForkJoinPool-1-worker-5] DEBUG com.intuit.karate - request:
1 > GET https://api-ssl.bitly.com/v4/groups
1 > Accept: */*
1 > Accept-Encoding: gzip,deflate
1 > Authorization: Bearer 48a7fe60034be1eb264102c122d31ea48f4ef04e
1 > Connection: Keep-Alive
1 > Content-Type: application/json
1 > Host: api-ssl.bitly.com
1 > User-Agent: Apache-HttpClient/4.5.12 (Java/14.0.2)

00:43:35.374 [ForkJoinPool-1-worker-11] DEBUG com.intuit.karate - request:
1 > GET https://api-ssl.bitly.com/v4/groups/Bl39i27Ji5U/bitlinks
1 > Accept: */*
1 > Accept-Encoding: gzip,deflate
1 > Authorization: Bearer 48a7fe60034be1eb264102c122d31ea48f4ef04e
1 > Connection: Keep-Alive
1 > Content-Type: application/json
1 > Host: api-ssl.bitly.com
1 > User-Agent: Apache-HttpClient/4.5.12 (Java/14.0.2)

00:43:35.374 [ForkJoinPool-1-worker-9] DEBUG com.intuit.karate - request:
1 > POST https://api-ssl.bitly.com/v4/bitlinks
1 > Accept: */*
1 > Accept-Encoding: gzip,deflate
1 > Authorization: Bearer 48a7fe60034be1eb264102c122d31ea48f4ef04e
1 > Connection: Keep-Alive
1 > Content-Length: 98
1 > Content-Type: application/json
1 > Host: api-ssl.bitly.com
1 > User-Agent: Apache-HttpClient/4.5.12 (Java/14.0.2)
{"long_url":"https://www.bbc.co.ken/","domain":"bit.ly","group_guid":"Bl39i27Ji5U","title":"test"}

00:43:35.375 [ForkJoinPool-1-worker-11] DEBUG org.apache.http.impl.conn.PoolingHttpClientConnectionManager - Connection request: [route: {s}->https://api-ssl.bitly.com:443][total available: 0; route allocated: 0 of 5; total allocated: 0 of 10]
00:43:35.375 [ForkJoinPool-1-worker-7] DEBUG org.apache.http.impl.conn.PoolingHttpClientConnectionManager - Connection request: [route: {s}->https://api-ssl.bitly.com:443][total available: 0; route allocated: 0 of 5; total allocated: 0 of 10]
00:43:35.375 [ForkJoinPool-1-worker-5] DEBUG org.apache.http.impl.conn.PoolingHttpClientConnectionManager - Connection request: [route: {s}->https://api-ssl.bitly.com:443][total available: 0; route allocated: 0 of 5; total allocated: 0 of 10]
00:43:35.375 [ForkJoinPool-1-worker-3] DEBUG org.apache.http.impl.conn.PoolingHttpClientConnectionManager - Connection request: [route: {s}->https://api-ssl.bitly.com:443][total available: 0; route allocated: 0 of 5; total allocated: 0 of 10]
00:43:35.376 [ForkJoinPool-1-worker-9] DEBUG org.apache.http.impl.conn.PoolingHttpClientConnectionManager - Connection request: [route: {s}->https://api-ssl.bitly.com:443][total available: 0; route allocated: 0 of 5; total allocated: 0 of 10]
00:43:35.383 [ForkJoinPool-1-worker-11] DEBUG org.apache.http.impl.conn.PoolingHttpClientConnectionManager - Connection leased: [id: 4][route: {s}->https://api-ssl.bitly.com:443][total available: 0; route allocated: 1 of 5; total allocated: 1 of 10]
00:43:35.383 [ForkJoinPool-1-worker-3] DEBUG org.apache.http.impl.conn.PoolingHttpClientConnectionManager - Connection leased: [id: 3][route: {s}->https://api-ssl.bitly.com:443][total available: 0; route allocated: 1 of 5; total allocated: 1 of 10]
00:43:35.383 [ForkJoinPool-1-worker-9] DEBUG org.apache.http.impl.conn.PoolingHttpClientConnectionManager - Connection leased: [id: 2][route: {s}->https://api-ssl.bitly.com:443][total available: 0; route allocated: 1 of 5; total allocated: 1 of 10]
00:43:35.383 [ForkJoinPool-1-worker-5] DEBUG org.apache.http.impl.conn.PoolingHttpClientConnectionManager - Connection leased: [id: 1][route: {s}->https://api-ssl.bitly.com:443][total available: 0; route allocated: 1 of 5; total allocated: 1 of 10]
00:43:35.383 [ForkJoinPool-1-worker-7] DEBUG org.apache.http.impl.conn.PoolingHttpClientConnectionManager - Connection leased: [id: 0][route: {s}->https://api-ssl.bitly.com:443][total available: 0; route allocated: 1 of 5; total allocated: 1 of 10]
00:43:35.384 [ForkJoinPool-1-worker-5] DEBUG org.apache.http.impl.execchain.MainClientExec - Opening connection {s}->https://api-ssl.bitly.com:443
00:43:35.384 [ForkJoinPool-1-worker-9] DEBUG org.apache.http.impl.execchain.MainClientExec - Opening connection {s}->https://api-ssl.bitly.com:443
00:43:35.384 [ForkJoinPool-1-worker-3] DEBUG org.apache.http.impl.execchain.MainClientExec - Opening connection {s}->https://api-ssl.bitly.com:443
00:43:35.384 [ForkJoinPool-1-worker-7] DEBUG org.apache.http.impl.execchain.MainClientExec - Opening connection {s}->https://api-ssl.bitly.com:443
00:43:35.384 [ForkJoinPool-1-worker-11] DEBUG org.apache.http.impl.execchain.MainClientExec - Opening connection {s}->https://api-ssl.bitly.com:443
00:43:35.390 [ForkJoinPool-1-worker-11] DEBUG org.apache.http.impl.conn.DefaultHttpClientConnectionOperator - Connecting to api-ssl.bitly.com/67.199.248.21:443
00:43:35.390 [ForkJoinPool-1-worker-11] DEBUG org.apache.http.conn.ssl.SSLConnectionSocketFactory - Connecting socket to api-ssl.bitly.com/67.199.248.21:443 with timeout 3000
00:43:35.391 [ForkJoinPool-1-worker-5] DEBUG org.apache.http.impl.conn.DefaultHttpClientConnectionOperator - Connecting to api-ssl.bitly.com/67.199.248.21:443
00:43:35.391 [ForkJoinPool-1-worker-5] DEBUG org.apache.http.conn.ssl.SSLConnectionSocketFactory - Connecting socket to api-ssl.bitly.com/67.199.248.21:443 with timeout 3000
00:43:35.391 [ForkJoinPool-1-worker-7] DEBUG org.apache.http.impl.conn.DefaultHttpClientConnectionOperator - Connecting to api-ssl.bitly.com/67.199.248.21:443
00:43:35.391 [ForkJoinPool-1-worker-7] DEBUG org.apache.http.conn.ssl.SSLConnectionSocketFactory - Connecting socket to api-ssl.bitly.com/67.199.248.21:443 with timeout 3000
00:43:35.391 [ForkJoinPool-1-worker-3] DEBUG org.apache.http.impl.conn.DefaultHttpClientConnectionOperator - Connecting to api-ssl.bitly.com/67.199.248.21:443
00:43:35.391 [ForkJoinPool-1-worker-3] DEBUG org.apache.http.conn.ssl.SSLConnectionSocketFactory - Connecting socket to api-ssl.bitly.com/67.199.248.21:443 with timeout 3000
00:43:35.392 [ForkJoinPool-1-worker-9] DEBUG org.apache.http.impl.conn.DefaultHttpClientConnectionOperator - Connecting to api-ssl.bitly.com/67.199.248.21:443
00:43:35.392 [ForkJoinPool-1-worker-9] DEBUG org.apache.http.conn.ssl.SSLConnectionSocketFactory - Connecting socket to api-ssl.bitly.com/67.199.248.21:443 with timeout 3000
00:43:35.436 [ForkJoinPool-1-worker-9] DEBUG org.apache.http.conn.ssl.SSLConnectionSocketFactory - Enabled protocols: [TLSv1.3, TLSv1.2, TLSv1.1, TLSv1]
00:43:35.436 [ForkJoinPool-1-worker-9] DEBUG org.apache.http.conn.ssl.SSLConnectionSocketFactory - Enabled cipher suites:[TLS_AES_256_GCM_SHA384, TLS_AES_128_GCM_SHA256, TLS_CHACHA20_POLY1305_SHA256, TLS_ECDHE_ECDSA_WITH_AES_256_GCM_SHA384, TLS_ECDHE_ECDSA_WITH_AES_128_GCM_SHA256, TLS_ECDHE_ECDSA_WITH_CHACHA20_POLY1305_SHA256, TLS_ECDHE_RSA_WITH_AES_256_GCM_SHA384, TLS_ECDHE_RSA_WITH_CHACHA20_POLY1305_SHA256, TLS_ECDHE_RSA_WITH_AES_128_GCM_SHA256, TLS_DHE_RSA_WITH_AES_256_GCM_SHA384, TLS_DHE_RSA_WITH_CHACHA20_POLY1305_SHA256, TLS_DHE_DSS_WITH_AES_256_GCM_SHA384, TLS_DHE_RSA_WITH_AES_128_GCM_SHA256, TLS_DHE_DSS_WITH_AES_128_GCM_SHA256, TLS_ECDHE_ECDSA_WITH_AES_256_CBC_SHA384, TLS_ECDHE_RSA_WITH_AES_256_CBC_SHA384, TLS_ECDHE_ECDSA_WITH_AES_128_CBC_SHA256, TLS_ECDHE_RSA_WITH_AES_128_CBC_SHA256, TLS_DHE_RSA_WITH_AES_256_CBC_SHA256, TLS_DHE_DSS_WITH_AES_256_CBC_SHA256, TLS_DHE_RSA_WITH_AES_128_CBC_SHA256, TLS_DHE_DSS_WITH_AES_128_CBC_SHA256, TLS_ECDH_ECDSA_WITH_AES_256_GCM_SHA384, TLS_ECDH_RSA_WITH_AES_256_GCM_SHA384, TLS_ECDH_ECDSA_WITH_AES_128_GCM_SHA256, TLS_ECDH_RSA_WITH_AES_128_GCM_SHA256, TLS_ECDH_ECDSA_WITH_AES_256_CBC_SHA384, TLS_ECDH_RSA_WITH_AES_256_CBC_SHA384, TLS_ECDH_ECDSA_WITH_AES_128_CBC_SHA256, TLS_ECDH_RSA_WITH_AES_128_CBC_SHA256, TLS_ECDHE_ECDSA_WITH_AES_256_CBC_SHA, TLS_ECDHE_RSA_WITH_AES_256_CBC_SHA, TLS_ECDHE_ECDSA_WITH_AES_128_CBC_SHA, TLS_ECDHE_RSA_WITH_AES_128_CBC_SHA, TLS_DHE_RSA_WITH_AES_256_CBC_SHA, TLS_DHE_DSS_WITH_AES_256_CBC_SHA, TLS_DHE_RSA_WITH_AES_128_CBC_SHA, TLS_DHE_DSS_WITH_AES_128_CBC_SHA, TLS_ECDH_ECDSA_WITH_AES_256_CBC_SHA, TLS_ECDH_RSA_WITH_AES_256_CBC_SHA, TLS_ECDH_ECDSA_WITH_AES_128_CBC_SHA, TLS_ECDH_RSA_WITH_AES_128_CBC_SHA, TLS_RSA_WITH_AES_256_GCM_SHA384, TLS_RSA_WITH_AES_128_GCM_SHA256, TLS_RSA_WITH_AES_256_CBC_SHA256, TLS_RSA_WITH_AES_128_CBC_SHA256, TLS_RSA_WITH_AES_256_CBC_SHA, TLS_RSA_WITH_AES_128_CBC_SHA, TLS_EMPTY_RENEGOTIATION_INFO_SCSV]
00:43:35.436 [ForkJoinPool-1-worker-9] DEBUG org.apache.http.conn.ssl.SSLConnectionSocketFactory - Starting handshake
00:43:35.436 [ForkJoinPool-1-worker-3] DEBUG org.apache.http.conn.ssl.SSLConnectionSocketFactory - Enabled protocols: [TLSv1.3, TLSv1.2, TLSv1.1, TLSv1]
00:43:35.436 [ForkJoinPool-1-worker-7] DEBUG org.apache.http.conn.ssl.SSLConnectionSocketFactory - Enabled protocols: [TLSv1.3, TLSv1.2, TLSv1.1, TLSv1]
00:43:35.436 [ForkJoinPool-1-worker-5] DEBUG org.apache.http.conn.ssl.SSLConnectionSocketFactory - Enabled protocols: [TLSv1.3, TLSv1.2, TLSv1.1, TLSv1]
00:43:35.437 [ForkJoinPool-1-worker-3] DEBUG org.apache.http.conn.ssl.SSLConnectionSocketFactory - Enabled cipher suites:[TLS_AES_256_GCM_SHA384, TLS_AES_128_GCM_SHA256, TLS_CHACHA20_POLY1305_SHA256, TLS_ECDHE_ECDSA_WITH_AES_256_GCM_SHA384, TLS_ECDHE_ECDSA_WITH_AES_128_GCM_SHA256, TLS_ECDHE_ECDSA_WITH_CHACHA20_POLY1305_SHA256, TLS_ECDHE_RSA_WITH_AES_256_GCM_SHA384, TLS_ECDHE_RSA_WITH_CHACHA20_POLY1305_SHA256, TLS_ECDHE_RSA_WITH_AES_128_GCM_SHA256, TLS_DHE_RSA_WITH_AES_256_GCM_SHA384, TLS_DHE_RSA_WITH_CHACHA20_POLY1305_SHA256, TLS_DHE_DSS_WITH_AES_256_GCM_SHA384, TLS_DHE_RSA_WITH_AES_128_GCM_SHA256, TLS_DHE_DSS_WITH_AES_128_GCM_SHA256, TLS_ECDHE_ECDSA_WITH_AES_256_CBC_SHA384, TLS_ECDHE_RSA_WITH_AES_256_CBC_SHA384, TLS_ECDHE_ECDSA_WITH_AES_128_CBC_SHA256, TLS_ECDHE_RSA_WITH_AES_128_CBC_SHA256, TLS_DHE_RSA_WITH_AES_256_CBC_SHA256, TLS_DHE_DSS_WITH_AES_256_CBC_SHA256, TLS_DHE_RSA_WITH_AES_128_CBC_SHA256, TLS_DHE_DSS_WITH_AES_128_CBC_SHA256, TLS_ECDH_ECDSA_WITH_AES_256_GCM_SHA384, TLS_ECDH_RSA_WITH_AES_256_GCM_SHA384, TLS_ECDH_ECDSA_WITH_AES_128_GCM_SHA256, TLS_ECDH_RSA_WITH_AES_128_GCM_SHA256, TLS_ECDH_ECDSA_WITH_AES_256_CBC_SHA384, TLS_ECDH_RSA_WITH_AES_256_CBC_SHA384, TLS_ECDH_ECDSA_WITH_AES_128_CBC_SHA256, TLS_ECDH_RSA_WITH_AES_128_CBC_SHA256, TLS_ECDHE_ECDSA_WITH_AES_256_CBC_SHA, TLS_ECDHE_RSA_WITH_AES_256_CBC_SHA, TLS_ECDHE_ECDSA_WITH_AES_128_CBC_SHA, TLS_ECDHE_RSA_WITH_AES_128_CBC_SHA, TLS_DHE_RSA_WITH_AES_256_CBC_SHA, TLS_DHE_DSS_WITH_AES_256_CBC_SHA, TLS_DHE_RSA_WITH_AES_128_CBC_SHA, TLS_DHE_DSS_WITH_AES_128_CBC_SHA, TLS_ECDH_ECDSA_WITH_AES_256_CBC_SHA, TLS_ECDH_RSA_WITH_AES_256_CBC_SHA, TLS_ECDH_ECDSA_WITH_AES_128_CBC_SHA, TLS_ECDH_RSA_WITH_AES_128_CBC_SHA, TLS_RSA_WITH_AES_256_GCM_SHA384, TLS_RSA_WITH_AES_128_GCM_SHA256, TLS_RSA_WITH_AES_256_CBC_SHA256, TLS_RSA_WITH_AES_128_CBC_SHA256, TLS_RSA_WITH_AES_256_CBC_SHA, TLS_RSA_WITH_AES_128_CBC_SHA, TLS_EMPTY_RENEGOTIATION_INFO_SCSV]
00:43:35.437 [ForkJoinPool-1-worker-3] DEBUG org.apache.http.conn.ssl.SSLConnectionSocketFactory - Starting handshake
00:43:35.436 [ForkJoinPool-1-worker-11] DEBUG org.apache.http.conn.ssl.SSLConnectionSocketFactory - Enabled protocols: [TLSv1.3, TLSv1.2, TLSv1.1, TLSv1]
00:43:35.437 [ForkJoinPool-1-worker-7] DEBUG org.apache.http.conn.ssl.SSLConnectionSocketFactory - Enabled cipher suites:[TLS_AES_256_GCM_SHA384, TLS_AES_128_GCM_SHA256, TLS_CHACHA20_POLY1305_SHA256, TLS_ECDHE_ECDSA_WITH_AES_256_GCM_SHA384, TLS_ECDHE_ECDSA_WITH_AES_128_GCM_SHA256, TLS_ECDHE_ECDSA_WITH_CHACHA20_POLY1305_SHA256, TLS_ECDHE_RSA_WITH_AES_256_GCM_SHA384, TLS_ECDHE_RSA_WITH_CHACHA20_POLY1305_SHA256, TLS_ECDHE_RSA_WITH_AES_128_GCM_SHA256, TLS_DHE_RSA_WITH_AES_256_GCM_SHA384, TLS_DHE_RSA_WITH_CHACHA20_POLY1305_SHA256, TLS_DHE_DSS_WITH_AES_256_GCM_SHA384, TLS_DHE_RSA_WITH_AES_128_GCM_SHA256, TLS_DHE_DSS_WITH_AES_128_GCM_SHA256, TLS_ECDHE_ECDSA_WITH_AES_256_CBC_SHA384, TLS_ECDHE_RSA_WITH_AES_256_CBC_SHA384, TLS_ECDHE_ECDSA_WITH_AES_128_CBC_SHA256, TLS_ECDHE_RSA_WITH_AES_128_CBC_SHA256, TLS_DHE_RSA_WITH_AES_256_CBC_SHA256, TLS_DHE_DSS_WITH_AES_256_CBC_SHA256, TLS_DHE_RSA_WITH_AES_128_CBC_SHA256, TLS_DHE_DSS_WITH_AES_128_CBC_SHA256, TLS_ECDH_ECDSA_WITH_AES_256_GCM_SHA384, TLS_ECDH_RSA_WITH_AES_256_GCM_SHA384, TLS_ECDH_ECDSA_WITH_AES_128_GCM_SHA256, TLS_ECDH_RSA_WITH_AES_128_GCM_SHA256, TLS_ECDH_ECDSA_WITH_AES_256_CBC_SHA384, TLS_ECDH_RSA_WITH_AES_256_CBC_SHA384, TLS_ECDH_ECDSA_WITH_AES_128_CBC_SHA256, TLS_ECDH_RSA_WITH_AES_128_CBC_SHA256, TLS_ECDHE_ECDSA_WITH_AES_256_CBC_SHA, TLS_ECDHE_RSA_WITH_AES_256_CBC_SHA, TLS_ECDHE_ECDSA_WITH_AES_128_CBC_SHA, TLS_ECDHE_RSA_WITH_AES_128_CBC_SHA, TLS_DHE_RSA_WITH_AES_256_CBC_SHA, TLS_DHE_DSS_WITH_AES_256_CBC_SHA, TLS_DHE_RSA_WITH_AES_128_CBC_SHA, TLS_DHE_DSS_WITH_AES_128_CBC_SHA, TLS_ECDH_ECDSA_WITH_AES_256_CBC_SHA, TLS_ECDH_RSA_WITH_AES_256_CBC_SHA, TLS_ECDH_ECDSA_WITH_AES_128_CBC_SHA, TLS_ECDH_RSA_WITH_AES_128_CBC_SHA, TLS_RSA_WITH_AES_256_GCM_SHA384, TLS_RSA_WITH_AES_128_GCM_SHA256, TLS_RSA_WITH_AES_256_CBC_SHA256, TLS_RSA_WITH_AES_128_CBC_SHA256, TLS_RSA_WITH_AES_256_CBC_SHA, TLS_RSA_WITH_AES_128_CBC_SHA, TLS_EMPTY_RENEGOTIATION_INFO_SCSV]
00:43:35.437 [ForkJoinPool-1-worker-7] DEBUG org.apache.http.conn.ssl.SSLConnectionSocketFactory - Starting handshake
00:43:35.437 [ForkJoinPool-1-worker-5] DEBUG org.apache.http.conn.ssl.SSLConnectionSocketFactory - Enabled cipher suites:[TLS_AES_256_GCM_SHA384, TLS_AES_128_GCM_SHA256, TLS_CHACHA20_POLY1305_SHA256, TLS_ECDHE_ECDSA_WITH_AES_256_GCM_SHA384, TLS_ECDHE_ECDSA_WITH_AES_128_GCM_SHA256, TLS_ECDHE_ECDSA_WITH_CHACHA20_POLY1305_SHA256, TLS_ECDHE_RSA_WITH_AES_256_GCM_SHA384, TLS_ECDHE_RSA_WITH_CHACHA20_POLY1305_SHA256, TLS_ECDHE_RSA_WITH_AES_128_GCM_SHA256, TLS_DHE_RSA_WITH_AES_256_GCM_SHA384, TLS_DHE_RSA_WITH_CHACHA20_POLY1305_SHA256, TLS_DHE_DSS_WITH_AES_256_GCM_SHA384, TLS_DHE_RSA_WITH_AES_128_GCM_SHA256, TLS_DHE_DSS_WITH_AES_128_GCM_SHA256, TLS_ECDHE_ECDSA_WITH_AES_256_CBC_SHA384, TLS_ECDHE_RSA_WITH_AES_256_CBC_SHA384, TLS_ECDHE_ECDSA_WITH_AES_128_CBC_SHA256, TLS_ECDHE_RSA_WITH_AES_128_CBC_SHA256, TLS_DHE_RSA_WITH_AES_256_CBC_SHA256, TLS_DHE_DSS_WITH_AES_256_CBC_SHA256, TLS_DHE_RSA_WITH_AES_128_CBC_SHA256, TLS_DHE_DSS_WITH_AES_128_CBC_SHA256, TLS_ECDH_ECDSA_WITH_AES_256_GCM_SHA384, TLS_ECDH_RSA_WITH_AES_256_GCM_SHA384, TLS_ECDH_ECDSA_WITH_AES_128_GCM_SHA256, TLS_ECDH_RSA_WITH_AES_128_GCM_SHA256, TLS_ECDH_ECDSA_WITH_AES_256_CBC_SHA384, TLS_ECDH_RSA_WITH_AES_256_CBC_SHA384, TLS_ECDH_ECDSA_WITH_AES_128_CBC_SHA256, TLS_ECDH_RSA_WITH_AES_128_CBC_SHA256, TLS_ECDHE_ECDSA_WITH_AES_256_CBC_SHA, TLS_ECDHE_RSA_WITH_AES_256_CBC_SHA, TLS_ECDHE_ECDSA_WITH_AES_128_CBC_SHA, TLS_ECDHE_RSA_WITH_AES_128_CBC_SHA, TLS_DHE_RSA_WITH_AES_256_CBC_SHA, TLS_DHE_DSS_WITH_AES_256_CBC_SHA, TLS_DHE_RSA_WITH_AES_128_CBC_SHA, TLS_DHE_DSS_WITH_AES_128_CBC_SHA, TLS_ECDH_ECDSA_WITH_AES_256_CBC_SHA, TLS_ECDH_RSA_WITH_AES_256_CBC_SHA, TLS_ECDH_ECDSA_WITH_AES_128_CBC_SHA, TLS_ECDH_RSA_WITH_AES_128_CBC_SHA, TLS_RSA_WITH_AES_256_GCM_SHA384, TLS_RSA_WITH_AES_128_GCM_SHA256, TLS_RSA_WITH_AES_256_CBC_SHA256, TLS_RSA_WITH_AES_128_CBC_SHA256, TLS_RSA_WITH_AES_256_CBC_SHA, TLS_RSA_WITH_AES_128_CBC_SHA, TLS_EMPTY_RENEGOTIATION_INFO_SCSV]
00:43:35.437 [ForkJoinPool-1-worker-11] DEBUG org.apache.http.conn.ssl.SSLConnectionSocketFactory - Enabled cipher suites:[TLS_AES_256_GCM_SHA384, TLS_AES_128_GCM_SHA256, TLS_CHACHA20_POLY1305_SHA256, TLS_ECDHE_ECDSA_WITH_AES_256_GCM_SHA384, TLS_ECDHE_ECDSA_WITH_AES_128_GCM_SHA256, TLS_ECDHE_ECDSA_WITH_CHACHA20_POLY1305_SHA256, TLS_ECDHE_RSA_WITH_AES_256_GCM_SHA384, TLS_ECDHE_RSA_WITH_CHACHA20_POLY1305_SHA256, TLS_ECDHE_RSA_WITH_AES_128_GCM_SHA256, TLS_DHE_RSA_WITH_AES_256_GCM_SHA384, TLS_DHE_RSA_WITH_CHACHA20_POLY1305_SHA256, TLS_DHE_DSS_WITH_AES_256_GCM_SHA384, TLS_DHE_RSA_WITH_AES_128_GCM_SHA256, TLS_DHE_DSS_WITH_AES_128_GCM_SHA256, TLS_ECDHE_ECDSA_WITH_AES_256_CBC_SHA384, TLS_ECDHE_RSA_WITH_AES_256_CBC_SHA384, TLS_ECDHE_ECDSA_WITH_AES_128_CBC_SHA256, TLS_ECDHE_RSA_WITH_AES_128_CBC_SHA256, TLS_DHE_RSA_WITH_AES_256_CBC_SHA256, TLS_DHE_DSS_WITH_AES_256_CBC_SHA256, TLS_DHE_RSA_WITH_AES_128_CBC_SHA256, TLS_DHE_DSS_WITH_AES_128_CBC_SHA256, TLS_ECDH_ECDSA_WITH_AES_256_GCM_SHA384, TLS_ECDH_RSA_WITH_AES_256_GCM_SHA384, TLS_ECDH_ECDSA_WITH_AES_128_GCM_SHA256, TLS_ECDH_RSA_WITH_AES_128_GCM_SHA256, TLS_ECDH_ECDSA_WITH_AES_256_CBC_SHA384, TLS_ECDH_RSA_WITH_AES_256_CBC_SHA384, TLS_ECDH_ECDSA_WITH_AES_128_CBC_SHA256, TLS_ECDH_RSA_WITH_AES_128_CBC_SHA256, TLS_ECDHE_ECDSA_WITH_AES_256_CBC_SHA, TLS_ECDHE_RSA_WITH_AES_256_CBC_SHA, TLS_ECDHE_ECDSA_WITH_AES_128_CBC_SHA, TLS_ECDHE_RSA_WITH_AES_128_CBC_SHA, TLS_DHE_RSA_WITH_AES_256_CBC_SHA, TLS_DHE_DSS_WITH_AES_256_CBC_SHA, TLS_DHE_RSA_WITH_AES_128_CBC_SHA, TLS_DHE_DSS_WITH_AES_128_CBC_SHA, TLS_ECDH_ECDSA_WITH_AES_256_CBC_SHA, TLS_ECDH_RSA_WITH_AES_256_CBC_SHA, TLS_ECDH_ECDSA_WITH_AES_128_CBC_SHA, TLS_ECDH_RSA_WITH_AES_128_CBC_SHA, TLS_RSA_WITH_AES_256_GCM_SHA384, TLS_RSA_WITH_AES_128_GCM_SHA256, TLS_RSA_WITH_AES_256_CBC_SHA256, TLS_RSA_WITH_AES_128_CBC_SHA256, TLS_RSA_WITH_AES_256_CBC_SHA, TLS_RSA_WITH_AES_128_CBC_SHA, TLS_EMPTY_RENEGOTIATION_INFO_SCSV]
00:43:35.437 [ForkJoinPool-1-worker-5] DEBUG org.apache.http.conn.ssl.SSLConnectionSocketFactory - Starting handshake
00:43:35.438 [ForkJoinPool-1-worker-11] DEBUG org.apache.http.conn.ssl.SSLConnectionSocketFactory - Starting handshake
00:43:35.627 [ForkJoinPool-1-worker-3] DEBUG org.apache.http.conn.ssl.SSLConnectionSocketFactory - Secure session established
00:43:35.627 [ForkJoinPool-1-worker-3] DEBUG org.apache.http.conn.ssl.SSLConnectionSocketFactory -  negotiated protocol: TLSv1.3
00:43:35.627 [ForkJoinPool-1-worker-3] DEBUG org.apache.http.conn.ssl.SSLConnectionSocketFactory -  negotiated cipher suite: TLS_AES_256_GCM_SHA384
00:43:35.627 [ForkJoinPool-1-worker-3] DEBUG org.apache.http.conn.ssl.SSLConnectionSocketFactory -  peer principal: CN=api-ssl.bitly.com, O="Bitly, Inc.", L=New York, ST=New York, C=US, SERIALNUMBER=4627013, OID.1.3.6.1.4.1.311.60.2.1.2=Delaware, OID.1.3.6.1.4.1.311.60.2.1.3=US, OID.2.5.4.15=Private Organization
00:43:35.627 [ForkJoinPool-1-worker-11] DEBUG org.apache.http.conn.ssl.SSLConnectionSocketFactory - Secure session established
00:43:35.627 [ForkJoinPool-1-worker-5] DEBUG org.apache.http.conn.ssl.SSLConnectionSocketFactory - Secure session established
00:43:35.628 [ForkJoinPool-1-worker-7] DEBUG org.apache.http.conn.ssl.SSLConnectionSocketFactory - Secure session established
00:43:35.628 [ForkJoinPool-1-worker-11] DEBUG org.apache.http.conn.ssl.SSLConnectionSocketFactory -  negotiated protocol: TLSv1.3
00:43:35.628 [ForkJoinPool-1-worker-5] DEBUG org.apache.http.conn.ssl.SSLConnectionSocketFactory -  negotiated protocol: TLSv1.3
00:43:35.628 [ForkJoinPool-1-worker-9] DEBUG org.apache.http.conn.ssl.SSLConnectionSocketFactory - Secure session established
00:43:35.628 [ForkJoinPool-1-worker-3] DEBUG org.apache.http.conn.ssl.SSLConnectionSocketFactory -  peer alternative names: [api-ssl.bitly.com]
00:43:35.628 [ForkJoinPool-1-worker-7] DEBUG org.apache.http.conn.ssl.SSLConnectionSocketFactory -  negotiated protocol: TLSv1.3
00:43:35.628 [ForkJoinPool-1-worker-11] DEBUG org.apache.http.conn.ssl.SSLConnectionSocketFactory -  negotiated cipher suite: TLS_AES_256_GCM_SHA384
00:43:35.628 [ForkJoinPool-1-worker-5] DEBUG org.apache.http.conn.ssl.SSLConnectionSocketFactory -  negotiated cipher suite: TLS_AES_256_GCM_SHA384
00:43:35.628 [ForkJoinPool-1-worker-9] DEBUG org.apache.http.conn.ssl.SSLConnectionSocketFactory -  negotiated protocol: TLSv1.3
00:43:35.628 [ForkJoinPool-1-worker-7] DEBUG org.apache.http.conn.ssl.SSLConnectionSocketFactory -  negotiated cipher suite: TLS_AES_256_GCM_SHA384
00:43:35.628 [ForkJoinPool-1-worker-3] DEBUG org.apache.http.conn.ssl.SSLConnectionSocketFactory -  issuer principal: CN=DigiCert SHA2 Extended Validation Server CA, OU=www.digicert.com, O=DigiCert Inc, C=US
00:43:35.628 [ForkJoinPool-1-worker-11] DEBUG org.apache.http.conn.ssl.SSLConnectionSocketFactory -  peer principal: CN=api-ssl.bitly.com, O="Bitly, Inc.", L=New York, ST=New York, C=US, SERIALNUMBER=4627013, OID.1.3.6.1.4.1.311.60.2.1.2=Delaware, OID.1.3.6.1.4.1.311.60.2.1.3=US, OID.2.5.4.15=Private Organization
00:43:35.628 [ForkJoinPool-1-worker-9] DEBUG org.apache.http.conn.ssl.SSLConnectionSocketFactory -  negotiated cipher suite: TLS_AES_256_GCM_SHA384
00:43:35.628 [ForkJoinPool-1-worker-5] DEBUG org.apache.http.conn.ssl.SSLConnectionSocketFactory -  peer principal: CN=api-ssl.bitly.com, O="Bitly, Inc.", L=New York, ST=New York, C=US, SERIALNUMBER=4627013, OID.1.3.6.1.4.1.311.60.2.1.2=Delaware, OID.1.3.6.1.4.1.311.60.2.1.3=US, OID.2.5.4.15=Private Organization
00:43:35.628 [ForkJoinPool-1-worker-7] DEBUG org.apache.http.conn.ssl.SSLConnectionSocketFactory -  peer principal: CN=api-ssl.bitly.com, O="Bitly, Inc.", L=New York, ST=New York, C=US, SERIALNUMBER=4627013, OID.1.3.6.1.4.1.311.60.2.1.2=Delaware, OID.1.3.6.1.4.1.311.60.2.1.3=US, OID.2.5.4.15=Private Organization
00:43:35.629 [ForkJoinPool-1-worker-5] DEBUG org.apache.http.conn.ssl.SSLConnectionSocketFactory -  peer alternative names: [api-ssl.bitly.com]
00:43:35.629 [ForkJoinPool-1-worker-7] DEBUG org.apache.http.conn.ssl.SSLConnectionSocketFactory -  peer alternative names: [api-ssl.bitly.com]
00:43:35.628 [ForkJoinPool-1-worker-11] DEBUG org.apache.http.conn.ssl.SSLConnectionSocketFactory -  peer alternative names: [api-ssl.bitly.com]
00:43:35.628 [ForkJoinPool-1-worker-9] DEBUG org.apache.http.conn.ssl.SSLConnectionSocketFactory -  peer principal: CN=api-ssl.bitly.com, O="Bitly, Inc.", L=New York, ST=New York, C=US, SERIALNUMBER=4627013, OID.1.3.6.1.4.1.311.60.2.1.2=Delaware, OID.1.3.6.1.4.1.311.60.2.1.3=US, OID.2.5.4.15=Private Organization
00:43:35.629 [ForkJoinPool-1-worker-11] DEBUG org.apache.http.conn.ssl.SSLConnectionSocketFactory -  issuer principal: CN=DigiCert SHA2 Extended Validation Server CA, OU=www.digicert.com, O=DigiCert Inc, C=US
00:43:35.629 [ForkJoinPool-1-worker-9] DEBUG org.apache.http.conn.ssl.SSLConnectionSocketFactory -  peer alternative names: [api-ssl.bitly.com]
00:43:35.629 [ForkJoinPool-1-worker-5] DEBUG org.apache.http.conn.ssl.SSLConnectionSocketFactory -  issuer principal: CN=DigiCert SHA2 Extended Validation Server CA, OU=www.digicert.com, O=DigiCert Inc, C=US
00:43:35.629 [ForkJoinPool-1-worker-9] DEBUG org.apache.http.conn.ssl.SSLConnectionSocketFactory -  issuer principal: CN=DigiCert SHA2 Extended Validation Server CA, OU=www.digicert.com, O=DigiCert Inc, C=US
00:43:35.629 [ForkJoinPool-1-worker-7] DEBUG org.apache.http.conn.ssl.SSLConnectionSocketFactory -  issuer principal: CN=DigiCert SHA2 Extended Validation Server CA, OU=www.digicert.com, O=DigiCert Inc, C=US
00:43:35.631 [ForkJoinPool-1-worker-7] DEBUG org.apache.http.impl.conn.DefaultHttpClientConnectionOperator - Connection established 192.168.1.38:56010<->67.199.248.21:443
00:43:35.631 [ForkJoinPool-1-worker-3] DEBUG org.apache.http.impl.conn.DefaultHttpClientConnectionOperator - Connection established 192.168.1.38:56011<->67.199.248.21:443
00:43:35.631 [ForkJoinPool-1-worker-5] DEBUG org.apache.http.impl.conn.DefaultHttpClientConnectionOperator - Connection established 192.168.1.38:56009<->67.199.248.21:443
00:43:35.631 [ForkJoinPool-1-worker-11] DEBUG org.apache.http.impl.conn.DefaultHttpClientConnectionOperator - Connection established 192.168.1.38:56008<->67.199.248.21:443
00:43:35.631 [ForkJoinPool-1-worker-9] DEBUG org.apache.http.impl.conn.DefaultHttpClientConnectionOperator - Connection established 192.168.1.38:56012<->67.199.248.21:443
00:43:35.631 [ForkJoinPool-1-worker-7] DEBUG org.apache.http.impl.conn.DefaultManagedHttpClientConnection - http-outgoing-3: set socket timeout to 3000
00:43:35.631 [ForkJoinPool-1-worker-3] DEBUG org.apache.http.impl.conn.DefaultManagedHttpClientConnection - http-outgoing-1: set socket timeout to 3000
00:43:35.631 [ForkJoinPool-1-worker-5] DEBUG org.apache.http.impl.conn.DefaultManagedHttpClientConnection - http-outgoing-0: set socket timeout to 3000
00:43:35.631 [ForkJoinPool-1-worker-11] DEBUG org.apache.http.impl.conn.DefaultManagedHttpClientConnection - http-outgoing-2: set socket timeout to 3000
00:43:35.631 [ForkJoinPool-1-worker-9] DEBUG org.apache.http.impl.conn.DefaultManagedHttpClientConnection - http-outgoing-4: set socket timeout to 3000
00:43:35.631 [ForkJoinPool-1-worker-7] DEBUG org.apache.http.impl.execchain.MainClientExec - Executing request GET /v4/groups/Bl39i27Ji5U/bitlinks HTTP/1.1
00:43:35.632 [ForkJoinPool-1-worker-9] DEBUG org.apache.http.impl.execchain.MainClientExec - Executing request POST /v4/bitlinks HTTP/1.1
00:43:35.632 [ForkJoinPool-1-worker-7] DEBUG org.apache.http.impl.execchain.MainClientExec - Proxy auth state: UNCHALLENGED
00:43:35.631 [ForkJoinPool-1-worker-3] DEBUG org.apache.http.impl.execchain.MainClientExec - Executing request GET /v4/groups/Bl39i27Ji5U/bitlinks/clicks HTTP/1.1
00:43:35.631 [ForkJoinPool-1-worker-5] DEBUG org.apache.http.impl.execchain.MainClientExec - Executing request GET /v4/groups HTTP/1.1
00:43:35.631 [ForkJoinPool-1-worker-11] DEBUG org.apache.http.impl.execchain.MainClientExec - Executing request GET /v4/groups/Bl39i27Ji5U/bitlinks HTTP/1.1
00:43:35.632 [ForkJoinPool-1-worker-11] DEBUG org.apache.http.impl.execchain.MainClientExec - Proxy auth state: UNCHALLENGED
00:43:35.632 [ForkJoinPool-1-worker-9] DEBUG org.apache.http.impl.execchain.MainClientExec - Proxy auth state: UNCHALLENGED
00:43:35.632 [ForkJoinPool-1-worker-3] DEBUG org.apache.http.impl.execchain.MainClientExec - Proxy auth state: UNCHALLENGED
00:43:35.632 [ForkJoinPool-1-worker-5] DEBUG org.apache.http.impl.execchain.MainClientExec - Proxy auth state: UNCHALLENGED
00:43:35.632 [ForkJoinPool-1-worker-7] DEBUG org.apache.http.headers - http-outgoing-3 >> GET /v4/groups/Bl39i27Ji5U/bitlinks HTTP/1.1
00:43:35.632 [ForkJoinPool-1-worker-3] DEBUG org.apache.http.headers - http-outgoing-1 >> GET /v4/groups/Bl39i27Ji5U/bitlinks/clicks HTTP/1.1
00:43:35.633 [ForkJoinPool-1-worker-3] DEBUG org.apache.http.headers - http-outgoing-1 >> Content-Type: application/json
00:43:35.633 [ForkJoinPool-1-worker-7] DEBUG org.apache.http.headers - http-outgoing-3 >> Content-Type: application/json
00:43:35.633 [ForkJoinPool-1-worker-11] DEBUG org.apache.http.headers - http-outgoing-2 >> GET /v4/groups/Bl39i27Ji5U/bitlinks HTTP/1.1
00:43:35.633 [ForkJoinPool-1-worker-5] DEBUG org.apache.http.headers - http-outgoing-0 >> GET /v4/groups HTTP/1.1
00:43:35.633 [ForkJoinPool-1-worker-5] DEBUG org.apache.http.headers - http-outgoing-0 >> Content-Type: application/json
00:43:35.633 [ForkJoinPool-1-worker-9] DEBUG org.apache.http.headers - http-outgoing-4 >> POST /v4/bitlinks HTTP/1.1
00:43:35.633 [ForkJoinPool-1-worker-3] DEBUG org.apache.http.headers - http-outgoing-1 >> Authorization: Bearer 48a7fe60034be1eb264102c122d31ea48f4ef04e
00:43:35.633 [ForkJoinPool-1-worker-7] DEBUG org.apache.http.headers - http-outgoing-3 >> Authorization: Bearer 48a7fe60034be1eb264102c122d31ea48f4ef04e
00:43:35.633 [ForkJoinPool-1-worker-11] DEBUG org.apache.http.headers - http-outgoing-2 >> Content-Type: application/json
00:43:35.633 [ForkJoinPool-1-worker-5] DEBUG org.apache.http.headers - http-outgoing-0 >> Authorization: Bearer 48a7fe60034be1eb264102c122d31ea48f4ef04e
00:43:35.633 [ForkJoinPool-1-worker-9] DEBUG org.apache.http.headers - http-outgoing-4 >> Content-Type: application/json
00:43:35.633 [ForkJoinPool-1-worker-3] DEBUG org.apache.http.headers - http-outgoing-1 >> Accept: */*
00:43:35.633 [ForkJoinPool-1-worker-9] DEBUG org.apache.http.headers - http-outgoing-4 >> Authorization: Bearer 48a7fe60034be1eb264102c122d31ea48f4ef04e
00:43:35.633 [ForkJoinPool-1-worker-7] DEBUG org.apache.http.headers - http-outgoing-3 >> Accept: */*
00:43:35.633 [ForkJoinPool-1-worker-9] DEBUG org.apache.http.headers - http-outgoing-4 >> Accept: */*
00:43:35.633 [ForkJoinPool-1-worker-11] DEBUG org.apache.http.headers - http-outgoing-2 >> Authorization: Bearer 48a7fe60034be1eb264102c122d31ea48f4ef04e
00:43:35.633 [ForkJoinPool-1-worker-5] DEBUG org.apache.http.headers - http-outgoing-0 >> Accept: */*
00:43:35.633 [ForkJoinPool-1-worker-5] DEBUG org.apache.http.headers - http-outgoing-0 >> Host: api-ssl.bitly.com
00:43:35.633 [ForkJoinPool-1-worker-3] DEBUG org.apache.http.headers - http-outgoing-1 >> Host: api-ssl.bitly.com
00:43:35.633 [ForkJoinPool-1-worker-7] DEBUG org.apache.http.headers - http-outgoing-3 >> Host: api-ssl.bitly.com
00:43:35.633 [ForkJoinPool-1-worker-9] DEBUG org.apache.http.headers - http-outgoing-4 >> Content-Length: 98
00:43:35.633 [ForkJoinPool-1-worker-11] DEBUG org.apache.http.headers - http-outgoing-2 >> Accept: */*
00:43:35.633 [ForkJoinPool-1-worker-5] DEBUG org.apache.http.headers - http-outgoing-0 >> Connection: Keep-Alive
00:43:35.634 [ForkJoinPool-1-worker-3] DEBUG org.apache.http.headers - http-outgoing-1 >> Connection: Keep-Alive
00:43:35.634 [ForkJoinPool-1-worker-7] DEBUG org.apache.http.headers - http-outgoing-3 >> Connection: Keep-Alive
00:43:35.634 [ForkJoinPool-1-worker-9] DEBUG org.apache.http.headers - http-outgoing-4 >> Host: api-ssl.bitly.com
00:43:35.634 [ForkJoinPool-1-worker-9] DEBUG org.apache.http.headers - http-outgoing-4 >> Connection: Keep-Alive
00:43:35.634 [ForkJoinPool-1-worker-11] DEBUG org.apache.http.headers - http-outgoing-2 >> Host: api-ssl.bitly.com
00:43:35.634 [ForkJoinPool-1-worker-5] DEBUG org.apache.http.headers - http-outgoing-0 >> User-Agent: Apache-HttpClient/4.5.12 (Java/14.0.2)
00:43:35.634 [ForkJoinPool-1-worker-3] DEBUG org.apache.http.headers - http-outgoing-1 >> User-Agent: Apache-HttpClient/4.5.12 (Java/14.0.2)
00:43:35.634 [ForkJoinPool-1-worker-7] DEBUG org.apache.http.headers - http-outgoing-3 >> User-Agent: Apache-HttpClient/4.5.12 (Java/14.0.2)
00:43:35.634 [ForkJoinPool-1-worker-9] DEBUG org.apache.http.headers - http-outgoing-4 >> User-Agent: Apache-HttpClient/4.5.12 (Java/14.0.2)
00:43:35.634 [ForkJoinPool-1-worker-11] DEBUG org.apache.http.headers - http-outgoing-2 >> Connection: Keep-Alive
00:43:35.634 [ForkJoinPool-1-worker-5] DEBUG org.apache.http.headers - http-outgoing-0 >> Accept-Encoding: gzip,deflate
00:43:35.634 [ForkJoinPool-1-worker-3] DEBUG org.apache.http.headers - http-outgoing-1 >> Accept-Encoding: gzip,deflate
00:43:35.634 [ForkJoinPool-1-worker-7] DEBUG org.apache.http.headers - http-outgoing-3 >> Accept-Encoding: gzip,deflate
00:43:35.634 [ForkJoinPool-1-worker-9] DEBUG org.apache.http.headers - http-outgoing-4 >> Accept-Encoding: gzip,deflate
00:43:35.634 [ForkJoinPool-1-worker-11] DEBUG org.apache.http.headers - http-outgoing-2 >> User-Agent: Apache-HttpClient/4.5.12 (Java/14.0.2)
00:43:35.634 [ForkJoinPool-1-worker-5] DEBUG org.apache.http.wire - http-outgoing-0 >> "GET /v4/groups HTTP/1.1[\r][\n]"
00:43:35.634 [ForkJoinPool-1-worker-3] DEBUG org.apache.http.wire - http-outgoing-1 >> "GET /v4/groups/Bl39i27Ji5U/bitlinks/clicks HTTP/1.1[\r][\n]"
00:43:35.634 [ForkJoinPool-1-worker-7] DEBUG org.apache.http.wire - http-outgoing-3 >> "GET /v4/groups/Bl39i27Ji5U/bitlinks HTTP/1.1[\r][\n]"
00:43:35.635 [ForkJoinPool-1-worker-11] DEBUG org.apache.http.headers - http-outgoing-2 >> Accept-Encoding: gzip,deflate
00:43:35.635 [ForkJoinPool-1-worker-5] DEBUG org.apache.http.wire - http-outgoing-0 >> "Content-Type: application/json[\r][\n]"
00:43:35.635 [ForkJoinPool-1-worker-3] DEBUG org.apache.http.wire - http-outgoing-1 >> "Content-Type: application/json[\r][\n]"
00:43:35.635 [ForkJoinPool-1-worker-9] DEBUG org.apache.http.wire - http-outgoing-4 >> "POST /v4/bitlinks HTTP/1.1[\r][\n]"
00:43:35.635 [ForkJoinPool-1-worker-7] DEBUG org.apache.http.wire - http-outgoing-3 >> "Content-Type: application/json[\r][\n]"
00:43:35.635 [ForkJoinPool-1-worker-11] DEBUG org.apache.http.wire - http-outgoing-2 >> "GET /v4/groups/Bl39i27Ji5U/bitlinks HTTP/1.1[\r][\n]"
00:43:35.635 [ForkJoinPool-1-worker-5] DEBUG org.apache.http.wire - http-outgoing-0 >> "Authorization: Bearer 48a7fe60034be1eb264102c122d31ea48f4ef04e[\r][\n]"
00:43:35.635 [ForkJoinPool-1-worker-3] DEBUG org.apache.http.wire - http-outgoing-1 >> "Authorization: Bearer 48a7fe60034be1eb264102c122d31ea48f4ef04e[\r][\n]"
00:43:35.635 [ForkJoinPool-1-worker-3] DEBUG org.apache.http.wire - http-outgoing-1 >> "Accept: */*[\r][\n]"
00:43:35.635 [ForkJoinPool-1-worker-3] DEBUG org.apache.http.wire - http-outgoing-1 >> "Host: api-ssl.bitly.com[\r][\n]"
00:43:35.635 [ForkJoinPool-1-worker-9] DEBUG org.apache.http.wire - http-outgoing-4 >> "Content-Type: application/json[\r][\n]"
00:43:35.635 [ForkJoinPool-1-worker-7] DEBUG org.apache.http.wire - http-outgoing-3 >> "Authorization: Bearer 48a7fe60034be1eb264102c122d31ea48f4ef04e[\r][\n]"
00:43:35.635 [ForkJoinPool-1-worker-11] DEBUG org.apache.http.wire - http-outgoing-2 >> "Content-Type: application/json[\r][\n]"
00:43:35.635 [ForkJoinPool-1-worker-5] DEBUG org.apache.http.wire - http-outgoing-0 >> "Accept: */*[\r][\n]"
00:43:35.635 [ForkJoinPool-1-worker-3] DEBUG org.apache.http.wire - http-outgoing-1 >> "Connection: Keep-Alive[\r][\n]"
00:43:35.635 [ForkJoinPool-1-worker-9] DEBUG org.apache.http.wire - http-outgoing-4 >> "Authorization: Bearer 48a7fe60034be1eb264102c122d31ea48f4ef04e[\r][\n]"
00:43:35.635 [ForkJoinPool-1-worker-7] DEBUG org.apache.http.wire - http-outgoing-3 >> "Accept: */*[\r][\n]"
00:43:35.635 [ForkJoinPool-1-worker-11] DEBUG org.apache.http.wire - http-outgoing-2 >> "Authorization: Bearer 48a7fe60034be1eb264102c122d31ea48f4ef04e[\r][\n]"
00:43:35.635 [ForkJoinPool-1-worker-5] DEBUG org.apache.http.wire - http-outgoing-0 >> "Host: api-ssl.bitly.com[\r][\n]"
00:43:35.635 [ForkJoinPool-1-worker-3] DEBUG org.apache.http.wire - http-outgoing-1 >> "User-Agent: Apache-HttpClient/4.5.12 (Java/14.0.2)[\r][\n]"
00:43:35.636 [ForkJoinPool-1-worker-9] DEBUG org.apache.http.wire - http-outgoing-4 >> "Accept: */*[\r][\n]"
00:43:35.636 [ForkJoinPool-1-worker-7] DEBUG org.apache.http.wire - http-outgoing-3 >> "Host: api-ssl.bitly.com[\r][\n]"
00:43:35.636 [ForkJoinPool-1-worker-11] DEBUG org.apache.http.wire - http-outgoing-2 >> "Accept: */*[\r][\n]"
00:43:35.636 [ForkJoinPool-1-worker-5] DEBUG org.apache.http.wire - http-outgoing-0 >> "Connection: Keep-Alive[\r][\n]"
00:43:35.636 [ForkJoinPool-1-worker-3] DEBUG org.apache.http.wire - http-outgoing-1 >> "Accept-Encoding: gzip,deflate[\r][\n]"
00:43:35.636 [ForkJoinPool-1-worker-9] DEBUG org.apache.http.wire - http-outgoing-4 >> "Content-Length: 98[\r][\n]"
00:43:35.636 [ForkJoinPool-1-worker-7] DEBUG org.apache.http.wire - http-outgoing-3 >> "Connection: Keep-Alive[\r][\n]"
00:43:35.636 [ForkJoinPool-1-worker-7] DEBUG org.apache.http.wire - http-outgoing-3 >> "User-Agent: Apache-HttpClient/4.5.12 (Java/14.0.2)[\r][\n]"
00:43:35.636 [ForkJoinPool-1-worker-11] DEBUG org.apache.http.wire - http-outgoing-2 >> "Host: api-ssl.bitly.com[\r][\n]"
00:43:35.636 [ForkJoinPool-1-worker-5] DEBUG org.apache.http.wire - http-outgoing-0 >> "User-Agent: Apache-HttpClient/4.5.12 (Java/14.0.2)[\r][\n]"
00:43:35.636 [ForkJoinPool-1-worker-3] DEBUG org.apache.http.wire - http-outgoing-1 >> "[\r][\n]"
00:43:35.636 [ForkJoinPool-1-worker-9] DEBUG org.apache.http.wire - http-outgoing-4 >> "Host: api-ssl.bitly.com[\r][\n]"
00:43:35.636 [ForkJoinPool-1-worker-7] DEBUG org.apache.http.wire - http-outgoing-3 >> "Accept-Encoding: gzip,deflate[\r][\n]"
00:43:35.636 [ForkJoinPool-1-worker-11] DEBUG org.apache.http.wire - http-outgoing-2 >> "Connection: Keep-Alive[\r][\n]"
00:43:35.636 [ForkJoinPool-1-worker-5] DEBUG org.apache.http.wire - http-outgoing-0 >> "Accept-Encoding: gzip,deflate[\r][\n]"
00:43:35.636 [ForkJoinPool-1-worker-9] DEBUG org.apache.http.wire - http-outgoing-4 >> "Connection: Keep-Alive[\r][\n]"
00:43:35.636 [ForkJoinPool-1-worker-7] DEBUG org.apache.http.wire - http-outgoing-3 >> "[\r][\n]"
00:43:35.636 [ForkJoinPool-1-worker-11] DEBUG org.apache.http.wire - http-outgoing-2 >> "User-Agent: Apache-HttpClient/4.5.12 (Java/14.0.2)[\r][\n]"
00:43:35.636 [ForkJoinPool-1-worker-5] DEBUG org.apache.http.wire - http-outgoing-0 >> "[\r][\n]"
00:43:35.637 [ForkJoinPool-1-worker-9] DEBUG org.apache.http.wire - http-outgoing-4 >> "User-Agent: Apache-HttpClient/4.5.12 (Java/14.0.2)[\r][\n]"
00:43:35.637 [ForkJoinPool-1-worker-11] DEBUG org.apache.http.wire - http-outgoing-2 >> "Accept-Encoding: gzip,deflate[\r][\n]"
00:43:35.637 [ForkJoinPool-1-worker-9] DEBUG org.apache.http.wire - http-outgoing-4 >> "Accept-Encoding: gzip,deflate[\r][\n]"
00:43:35.637 [ForkJoinPool-1-worker-11] DEBUG org.apache.http.wire - http-outgoing-2 >> "[\r][\n]"
00:43:35.637 [ForkJoinPool-1-worker-9] DEBUG org.apache.http.wire - http-outgoing-4 >> "[\r][\n]"
00:43:35.637 [ForkJoinPool-1-worker-9] DEBUG org.apache.http.wire - http-outgoing-4 >> "{"long_url":"https://www.bbc.co.ken/","domain":"bit.ly","group_guid":"Bl39i27Ji5U","title":"test"}"
00:43:35.748 [ForkJoinPool-1-worker-5] DEBUG org.apache.http.wire - http-outgoing-0 << "HTTP/1.1 200 OK[\r][\n]"
00:43:35.748 [ForkJoinPool-1-worker-5] DEBUG org.apache.http.wire - http-outgoing-0 << "Server: nginx[\r][\n]"
00:43:35.749 [ForkJoinPool-1-worker-5] DEBUG org.apache.http.wire - http-outgoing-0 << "Date: Fri, 12 Mar 2021 00:43:35 GMT[\r][\n]"
00:43:35.749 [ForkJoinPool-1-worker-5] DEBUG org.apache.http.wire - http-outgoing-0 << "Content-Type: application/json[\r][\n]"
00:43:35.749 [ForkJoinPool-1-worker-5] DEBUG org.apache.http.wire - http-outgoing-0 << "Content-Length: 300[\r][\n]"
00:43:35.749 [ForkJoinPool-1-worker-5] DEBUG org.apache.http.wire - http-outgoing-0 << "Strict-Transport-Security: max-age=31536000; includeSubDomains[\r][\n]"
00:43:35.749 [ForkJoinPool-1-worker-5] DEBUG org.apache.http.wire - http-outgoing-0 << "X-XSS-Protection: 1; mode=blockFilter[\r][\n]"
00:43:35.749 [ForkJoinPool-1-worker-5] DEBUG org.apache.http.wire - http-outgoing-0 << "X-Content-Type-Options: nosniff[\r][\n]"
00:43:35.749 [ForkJoinPool-1-worker-5] DEBUG org.apache.http.wire - http-outgoing-0 << "X-Frame-Options: DENY[\r][\n]"
00:43:35.749 [ForkJoinPool-1-worker-5] DEBUG org.apache.http.wire - http-outgoing-0 << "Content-Security-Policy: default-src 'none[\r][\n]"
00:43:35.749 [ForkJoinPool-1-worker-5] DEBUG org.apache.http.wire - http-outgoing-0 << "Via: 1.1 google[\r][\n]"
00:43:35.749 [ForkJoinPool-1-worker-5] DEBUG org.apache.http.wire - http-outgoing-0 << "Alt-Svc: clear[\r][\n]"
00:43:35.749 [ForkJoinPool-1-worker-5] DEBUG org.apache.http.wire - http-outgoing-0 << "[\r][\n]"
00:43:35.749 [ForkJoinPool-1-worker-5] DEBUG org.apache.http.wire - http-outgoing-0 << "{"groups":[{"created":"2021-03-09T18:00:50+0000","modified":"2021-03-09T18:00:50+0000","bsds":[],"guid":"Bl39i27Ji5U","organization_guid":"Ol39iJl8uVl","name":"bharathamanik","is_active":true,"role":"org-admin","references":{"organization":"https://api-ssl.bitly.com/v4/organizations/Ol39iJl8uVl"}}]}"
00:43:35.751 [ForkJoinPool-1-worker-3] DEBUG org.apache.http.wire - http-outgoing-1 << "HTTP/1.1 200 OK[\r][\n]"
00:43:35.751 [ForkJoinPool-1-worker-3] DEBUG org.apache.http.wire - http-outgoing-1 << "Server: nginx[\r][\n]"
00:43:35.751 [ForkJoinPool-1-worker-5] DEBUG org.apache.http.headers - http-outgoing-0 << HTTP/1.1 200 OK
00:43:35.751 [ForkJoinPool-1-worker-3] DEBUG org.apache.http.wire - http-outgoing-1 << "Date: Fri, 12 Mar 2021 00:43:35 GMT[\r][\n]"
00:43:35.751 [ForkJoinPool-1-worker-5] DEBUG org.apache.http.headers - http-outgoing-0 << Server: nginx
00:43:35.751 [ForkJoinPool-1-worker-3] DEBUG org.apache.http.wire - http-outgoing-1 << "Content-Type: application/json[\r][\n]"
00:43:35.751 [ForkJoinPool-1-worker-5] DEBUG org.apache.http.headers - http-outgoing-0 << Date: Fri, 12 Mar 2021 00:43:35 GMT
00:43:35.751 [ForkJoinPool-1-worker-3] DEBUG org.apache.http.wire - http-outgoing-1 << "Content-Length: 1285[\r][\n]"
00:43:35.751 [ForkJoinPool-1-worker-5] DEBUG org.apache.http.headers - http-outgoing-0 << Content-Type: application/json
00:43:35.751 [ForkJoinPool-1-worker-3] DEBUG org.apache.http.wire - http-outgoing-1 << "Strict-Transport-Security: max-age=31536000; includeSubDomains[\r][\n]"
00:43:35.751 [ForkJoinPool-1-worker-5] DEBUG org.apache.http.headers - http-outgoing-0 << Content-Length: 300
00:43:35.751 [ForkJoinPool-1-worker-3] DEBUG org.apache.http.wire - http-outgoing-1 << "X-XSS-Protection: 1; mode=blockFilter[\r][\n]"
00:43:35.751 [ForkJoinPool-1-worker-5] DEBUG org.apache.http.headers - http-outgoing-0 << Strict-Transport-Security: max-age=31536000; includeSubDomains
00:43:35.751 [ForkJoinPool-1-worker-3] DEBUG org.apache.http.wire - http-outgoing-1 << "X-Content-Type-Options: nosniff[\r][\n]"
00:43:35.752 [ForkJoinPool-1-worker-5] DEBUG org.apache.http.headers - http-outgoing-0 << X-XSS-Protection: 1; mode=blockFilter
00:43:35.752 [ForkJoinPool-1-worker-3] DEBUG org.apache.http.wire - http-outgoing-1 << "X-Frame-Options: DENY[\r][\n]"
00:43:35.752 [ForkJoinPool-1-worker-5] DEBUG org.apache.http.headers - http-outgoing-0 << X-Content-Type-Options: nosniff
00:43:35.752 [ForkJoinPool-1-worker-3] DEBUG org.apache.http.wire - http-outgoing-1 << "Content-Security-Policy: default-src 'none[\r][\n]"
00:43:35.752 [ForkJoinPool-1-worker-5] DEBUG org.apache.http.headers - http-outgoing-0 << X-Frame-Options: DENY
00:43:35.752 [ForkJoinPool-1-worker-3] DEBUG org.apache.http.wire - http-outgoing-1 << "Via: 1.1 google[\r][\n]"
00:43:35.752 [ForkJoinPool-1-worker-5] DEBUG org.apache.http.headers - http-outgoing-0 << Content-Security-Policy: default-src 'none
00:43:35.752 [ForkJoinPool-1-worker-3] DEBUG org.apache.http.wire - http-outgoing-1 << "Alt-Svc: clear[\r][\n]"
00:43:35.752 [ForkJoinPool-1-worker-5] DEBUG org.apache.http.headers - http-outgoing-0 << Via: 1.1 google
00:43:35.752 [ForkJoinPool-1-worker-3] DEBUG org.apache.http.wire - http-outgoing-1 << "[\r][\n]"
00:43:35.752 [ForkJoinPool-1-worker-5] DEBUG org.apache.http.headers - http-outgoing-0 << Alt-Svc: clear
00:43:35.752 [ForkJoinPool-1-worker-3] DEBUG org.apache.http.wire - http-outgoing-1 << "{"links":[{"created_at":"2021-03-09T18:04:53+0000","id":"bit.ly/38lg8Gk","link":"https://bit.ly/38lg8Gk","custom_bitlinks":[],"long_url":"http://admin.com/","title":"UNIX and Linux System Administration Handbook, Fifth Edtion","archived":false,"created_by":"bharathamanik","client_id":"ece654beaf35f9c29f610ffd4fb128702b4bad15","tags":["Test_Tag"],"deeplinks":[],"references":{"group":"https://api-ssl.bitly.com/v4/groups/Bl39i27Ji5U"}},{"created_at":"2021-03-09T18:04:14+0000","id":"bit.ly/2ODsGly","link":"https://bit.ly/2ODsGly","custom_bitlinks":[],"long_url":"https://www.google.com/","title":"Google share","archived":false,"created_by":"bharathamanik","client_id":"ece654beaf35f9c29f610ffd4fb128702b4bad15","tags":[],"deeplinks":[],"references":{"group":"https://api-ssl.bitly.com/v4/groups/Bl39i27Ji5U"}},{"created_at":"2021-03-09T18:03:30+0000","id":"bit.ly/3bvcBqO","link":"https://bit.ly/3bvcBqO","custom_bitlinks":[],"long_url":"http://karthik.com/","archived":false,"created_by":"bharathamanik","client_id":"ece654beaf35f9"
00:43:35.753 [ForkJoinPool-1-worker-3] DEBUG org.apache.http.headers - http-outgoing-1 << HTTP/1.1 200 OK
00:43:35.753 [ForkJoinPool-1-worker-3] DEBUG org.apache.http.headers - http-outgoing-1 << Server: nginx
00:43:35.753 [ForkJoinPool-1-worker-3] DEBUG org.apache.http.headers - http-outgoing-1 << Date: Fri, 12 Mar 2021 00:43:35 GMT
00:43:35.753 [ForkJoinPool-1-worker-3] DEBUG org.apache.http.headers - http-outgoing-1 << Content-Type: application/json
00:43:35.753 [ForkJoinPool-1-worker-3] DEBUG org.apache.http.headers - http-outgoing-1 << Content-Length: 1285
00:43:35.753 [ForkJoinPool-1-worker-3] DEBUG org.apache.http.headers - http-outgoing-1 << Strict-Transport-Security: max-age=31536000; includeSubDomains
00:43:35.753 [ForkJoinPool-1-worker-3] DEBUG org.apache.http.headers - http-outgoing-1 << X-XSS-Protection: 1; mode=blockFilter
00:43:35.753 [ForkJoinPool-1-worker-3] DEBUG org.apache.http.headers - http-outgoing-1 << X-Content-Type-Options: nosniff
00:43:35.753 [ForkJoinPool-1-worker-3] DEBUG org.apache.http.headers - http-outgoing-1 << X-Frame-Options: DENY
00:43:35.753 [ForkJoinPool-1-worker-3] DEBUG org.apache.http.headers - http-outgoing-1 << Content-Security-Policy: default-src 'none
00:43:35.753 [ForkJoinPool-1-worker-3] DEBUG org.apache.http.headers - http-outgoing-1 << Via: 1.1 google
00:43:35.753 [ForkJoinPool-1-worker-3] DEBUG org.apache.http.headers - http-outgoing-1 << Alt-Svc: clear
00:43:35.755 [ForkJoinPool-1-worker-5] DEBUG org.apache.http.impl.execchain.MainClientExec - Connection can be kept alive indefinitely
00:43:35.755 [ForkJoinPool-1-worker-3] DEBUG org.apache.http.impl.execchain.MainClientExec - Connection can be kept alive indefinitely
00:43:35.758 [ForkJoinPool-1-worker-5] DEBUG org.apache.http.impl.conn.PoolingHttpClientConnectionManager - Connection [id: 1][route: {s}->https://api-ssl.bitly.com:443] can be kept alive indefinitely
00:43:35.758 [ForkJoinPool-1-worker-5] DEBUG org.apache.http.impl.conn.DefaultManagedHttpClientConnection - http-outgoing-0: set socket timeout to 0
00:43:35.758 [ForkJoinPool-1-worker-3] DEBUG org.apache.http.wire - http-outgoing-1 << "c29f610ffd4fb128702b4bad15","tags":[],"deeplinks":[],"references":{"group":"https://api-ssl.bitly.com/v4/groups/Bl39i27Ji5U"}}],"sorted_links":[{"id":"bit.ly/2ODsGly","clicks":2},{"id":"bit.ly/3bvcBqO","clicks":1},{"id":"bit.ly/38lg8Gk","clicks":1}]}"
00:43:35.758 [ForkJoinPool-1-worker-5] DEBUG org.apache.http.impl.conn.PoolingHttpClientConnectionManager - Connection released: [id: 1][route: {s}->https://api-ssl.bitly.com:443][total available: 1; route allocated: 1 of 5; total allocated: 1 of 10]
00:43:35.758 [ForkJoinPool-1-worker-3] DEBUG org.apache.http.impl.conn.PoolingHttpClientConnectionManager - Connection [id: 3][route: {s}->https://api-ssl.bitly.com:443] can be kept alive indefinitely
00:43:35.758 [ForkJoinPool-1-worker-3] DEBUG org.apache.http.impl.conn.DefaultManagedHttpClientConnection - http-outgoing-1: set socket timeout to 0
00:43:35.758 [ForkJoinPool-1-worker-5] DEBUG com.intuit.karate - response time in milliseconds: 381.83
1 < 200
1 < Alt-Svc: clear
1 < Content-Length: 300
1 < Content-Security-Policy: default-src 'none
1 < Content-Type: application/json
1 < Date: Fri, 12 Mar 2021 00:43:35 GMT
1 < Server: nginx
1 < Strict-Transport-Security: max-age=31536000; includeSubDomains
1 < Via: 1.1 google
1 < X-Content-Type-Options: nosniff
1 < X-Frame-Options: DENY
1 < X-XSS-Protection: 1; mode=blockFilter
{"groups":[{"created":"2021-03-09T18:00:50+0000","modified":"2021-03-09T18:00:50+0000","bsds":[],"guid":"Bl39i27Ji5U","organization_guid":"Ol39iJl8uVl","name":"bharathamanik","is_active":true,"role":"org-admin","references":{"organization":"https://api-ssl.bitly.com/v4/organizations/Ol39iJl8uVl"}}]}

00:43:35.758 [ForkJoinPool-1-worker-3] DEBUG org.apache.http.impl.conn.PoolingHttpClientConnectionManager - Connection released: [id: 3][route: {s}->https://api-ssl.bitly.com:443][total available: 1; route allocated: 1 of 5; total allocated: 1 of 10]
00:43:35.758 [ForkJoinPool-1-worker-3] DEBUG com.intuit.karate - response time in milliseconds: 382.28
1 < 200
1 < Alt-Svc: clear
1 < Content-Length: 1285
1 < Content-Security-Policy: default-src 'none
1 < Content-Type: application/json
1 < Date: Fri, 12 Mar 2021 00:43:35 GMT
1 < Server: nginx
1 < Strict-Transport-Security: max-age=31536000; includeSubDomains
1 < Via: 1.1 google
1 < X-Content-Type-Options: nosniff
1 < X-Frame-Options: DENY
1 < X-XSS-Protection: 1; mode=blockFilter
{"links":[{"created_at":"2021-03-09T18:04:53+0000","id":"bit.ly/38lg8Gk","link":"https://bit.ly/38lg8Gk","custom_bitlinks":[],"long_url":"http://admin.com/","title":"UNIX and Linux System Administration Handbook, Fifth Edtion","archived":false,"created_by":"bharathamanik","client_id":"ece654beaf35f9c29f610ffd4fb128702b4bad15","tags":["Test_Tag"],"deeplinks":[],"references":{"group":"https://api-ssl.bitly.com/v4/groups/Bl39i27Ji5U"}},{"created_at":"2021-03-09T18:04:14+0000","id":"bit.ly/2ODsGly","link":"https://bit.ly/2ODsGly","custom_bitlinks":[],"long_url":"https://www.google.com/","title":"Google share","archived":false,"created_by":"bharathamanik","client_id":"ece654beaf35f9c29f610ffd4fb128702b4bad15","tags":[],"deeplinks":[],"references":{"group":"https://api-ssl.bitly.com/v4/groups/Bl39i27Ji5U"}},{"created_at":"2021-03-09T18:03:30+0000","id":"bit.ly/3bvcBqO","link":"https://bit.ly/3bvcBqO","custom_bitlinks":[],"long_url":"http://karthik.com/","archived":false,"created_by":"bharathamanik","client_id":"ece654beaf35f9c29f610ffd4fb128702b4bad15","tags":[],"deeplinks":[],"references":{"group":"https://api-ssl.bitly.com/v4/groups/Bl39i27Ji5U"}}],"sorted_links":[{"id":"bit.ly/2ODsGly","clicks":2},{"id":"bit.ly/3bvcBqO","clicks":1},{"id":"bit.ly/38lg8Gk","clicks":1}]}

00:43:35.761 [ForkJoinPool-1-worker-9] DEBUG org.apache.http.wire - http-outgoing-4 << "HTTP/1.1 200 OK[\r][\n]"
00:43:35.761 [ForkJoinPool-1-worker-9] DEBUG org.apache.http.wire - http-outgoing-4 << "Server: nginx[\r][\n]"
00:43:35.761 [ForkJoinPool-1-worker-3] DEBUG com.jayway.jsonpath.internal.path.CompiledPath - Evaluating path: $
00:43:35.761 [ForkJoinPool-1-worker-9] DEBUG org.apache.http.wire - http-outgoing-4 << "Date: Fri, 12 Mar 2021 00:43:35 GMT[\r][\n]"
00:43:35.761 [ForkJoinPool-1-worker-9] DEBUG org.apache.http.wire - http-outgoing-4 << "Content-Type: application/json[\r][\n]"
00:43:35.761 [ForkJoinPool-1-worker-9] DEBUG org.apache.http.wire - http-outgoing-4 << "Content-Length: 283[\r][\n]"
00:43:35.761 [ForkJoinPool-1-worker-9] DEBUG org.apache.http.wire - http-outgoing-4 << "Strict-Transport-Security: max-age=31536000; includeSubDomains[\r][\n]"
00:43:35.762 [ForkJoinPool-1-worker-9] DEBUG org.apache.http.wire - http-outgoing-4 << "X-XSS-Protection: 1; mode=blockFilter[\r][\n]"
00:43:35.762 [ForkJoinPool-1-worker-9] DEBUG org.apache.http.wire - http-outgoing-4 << "X-Content-Type-Options: nosniff[\r][\n]"
00:43:35.762 [ForkJoinPool-1-worker-9] DEBUG org.apache.http.wire - http-outgoing-4 << "X-Frame-Options: DENY[\r][\n]"
00:43:35.762 [ForkJoinPool-1-worker-9] DEBUG org.apache.http.wire - http-outgoing-4 << "Content-Security-Policy: default-src 'none[\r][\n]"
00:43:35.762 [ForkJoinPool-1-worker-9] DEBUG org.apache.http.wire - http-outgoing-4 << "Via: 1.1 google[\r][\n]"
00:43:35.762 [ForkJoinPool-1-worker-9] DEBUG org.apache.http.wire - http-outgoing-4 << "Alt-Svc: clear[\r][\n]"
00:43:35.762 [ForkJoinPool-1-worker-9] DEBUG org.apache.http.wire - http-outgoing-4 << "[\r][\n]"
00:43:35.762 [ForkJoinPool-1-worker-9] DEBUG org.apache.http.wire - http-outgoing-4 << "{"created_at":"2021-03-11T23:00:33+0000","id":"bit.ly/30zP8P7","link":"https://bit.ly/30zP8P7","custom_bitlinks":[],"long_url":"https://www.bbc.co.ken/","title":"test","archived":false,"tags":[],"deeplinks":[],"references":{"group":"https://api-ssl.bitly.com/v4/groups/Bl39i27Ji5U"}}"
00:43:35.762 [ForkJoinPool-1-worker-3] DEBUG com.jayway.jsonpath.internal.path.CompiledPath - Evaluating path: $['sorted_links']
00:43:35.762 [ForkJoinPool-1-worker-9] DEBUG org.apache.http.headers - http-outgoing-4 << HTTP/1.1 200 OK
00:43:35.762 [ForkJoinPool-1-worker-9] DEBUG org.apache.http.headers - http-outgoing-4 << Server: nginx
00:43:35.762 [ForkJoinPool-1-worker-9] DEBUG org.apache.http.headers - http-outgoing-4 << Date: Fri, 12 Mar 2021 00:43:35 GMT
00:43:35.762 [ForkJoinPool-1-worker-3] DEBUG com.jayway.jsonpath.internal.path.CompiledPath - Evaluating path: $
00:43:35.762 [ForkJoinPool-1-worker-9] DEBUG org.apache.http.headers - http-outgoing-4 << Content-Type: application/json
00:43:35.763 [ForkJoinPool-1-worker-9] DEBUG org.apache.http.headers - http-outgoing-4 << Content-Length: 283
00:43:35.763 [ForkJoinPool-1-worker-9] DEBUG org.apache.http.headers - http-outgoing-4 << Strict-Transport-Security: max-age=31536000; includeSubDomains
00:43:35.763 [ForkJoinPool-1-worker-9] DEBUG org.apache.http.headers - http-outgoing-4 << X-XSS-Protection: 1; mode=blockFilter
00:43:35.763 [ForkJoinPool-1-worker-9] DEBUG org.apache.http.headers - http-outgoing-4 << X-Content-Type-Options: nosniff
00:43:35.763 [ForkJoinPool-1-worker-9] DEBUG org.apache.http.headers - http-outgoing-4 << X-Frame-Options: DENY
00:43:35.763 [ForkJoinPool-1-worker-9] DEBUG org.apache.http.headers - http-outgoing-4 << Content-Security-Policy: default-src 'none
00:43:35.763 [ForkJoinPool-1-worker-9] DEBUG org.apache.http.headers - http-outgoing-4 << Via: 1.1 google
00:43:35.763 [ForkJoinPool-1-worker-9] DEBUG org.apache.http.headers - http-outgoing-4 << Alt-Svc: clear
00:43:35.763 [ForkJoinPool-1-worker-9] DEBUG org.apache.http.impl.execchain.MainClientExec - Connection can be kept alive indefinitely
00:43:35.763 [ForkJoinPool-1-worker-9] DEBUG org.apache.http.impl.conn.PoolingHttpClientConnectionManager - Connection [id: 2][route: {s}->https://api-ssl.bitly.com:443] can be kept alive indefinitely
00:43:35.763 [ForkJoinPool-1-worker-9] DEBUG org.apache.http.impl.conn.DefaultManagedHttpClientConnection - http-outgoing-4: set socket timeout to 0
00:43:35.763 [ForkJoinPool-1-worker-9] DEBUG org.apache.http.impl.conn.PoolingHttpClientConnectionManager - Connection released: [id: 2][route: {s}->https://api-ssl.bitly.com:443][total available: 1; route allocated: 1 of 5; total allocated: 1 of 10]
00:43:35.763 [ForkJoinPool-1-worker-9] DEBUG com.intuit.karate - response time in milliseconds: 387.73
1 < 200
1 < Alt-Svc: clear
1 < Content-Length: 283
1 < Content-Security-Policy: default-src 'none
1 < Content-Type: application/json
1 < Date: Fri, 12 Mar 2021 00:43:35 GMT
1 < Server: nginx
1 < Strict-Transport-Security: max-age=31536000; includeSubDomains
1 < Via: 1.1 google
1 < X-Content-Type-Options: nosniff
1 < X-Frame-Options: DENY
1 < X-XSS-Protection: 1; mode=blockFilter
{"created_at":"2021-03-11T23:00:33+0000","id":"bit.ly/30zP8P7","link":"https://bit.ly/30zP8P7","custom_bitlinks":[],"long_url":"https://www.bbc.co.ken/","title":"test","archived":false,"tags":[],"deeplinks":[],"references":{"group":"https://api-ssl.bitly.com/v4/groups/Bl39i27Ji5U"}}

00:43:35.764 [ForkJoinPool-1-worker-5] DEBUG com.jayway.jsonpath.internal.path.CompiledPath - Evaluating path: $
00:43:35.767 [ForkJoinPool-1-worker-9] DEBUG com.jayway.jsonpath.internal.path.CompiledPath - Evaluating path: $['link']
00:43:35.770 [ForkJoinPool-1-worker-5] DEBUG com.jayway.jsonpath.internal.path.CompiledPath - Evaluating path: $
00:43:35.770 [ForkJoinPool-1-worker-5] DEBUG com.jayway.jsonpath.internal.path.CompiledPath - Evaluating path: $
00:43:35.770 [ForkJoinPool-1-worker-5] DEBUG com.jayway.jsonpath.internal.path.CompiledPath - Evaluating path: $
00:43:35.771 [ForkJoinPool-1-worker-3] DEBUG com.jayway.jsonpath.internal.path.CompiledPath - Evaluating path: $
00:43:35.773 [ForkJoinPool-1-worker-9] DEBUG com.jayway.jsonpath.internal.path.CompiledPath - Evaluating path: $
00:43:35.776 [ForkJoinPool-1-worker-5] DEBUG com.jayway.jsonpath.internal.path.CompiledPath - Evaluating path: $
00:43:35.777 [ForkJoinPool-1-worker-3] DEBUG com.jayway.jsonpath.internal.path.CompiledPath - Evaluating path: $
00:43:35.777 [ForkJoinPool-1-worker-3] DEBUG com.jayway.jsonpath.internal.path.CompiledPath - Evaluating path: $
00:43:35.780 [ForkJoinPool-1-worker-9] DEBUG com.jayway.jsonpath.internal.path.CompiledPath - Evaluating path: $
00:43:35.780 [ForkJoinPool-1-worker-9] DEBUG com.jayway.jsonpath.internal.path.CompiledPath - Evaluating path: $
00:43:35.780 [ForkJoinPool-1-worker-3] DEBUG com.jayway.jsonpath.internal.path.CompiledPath - Evaluating path: $
00:43:35.781 [ForkJoinPool-1-worker-5] DEBUG com.jayway.jsonpath.internal.path.CompiledPath - Evaluating path: $
00:43:35.781 [ForkJoinPool-1-worker-3] DEBUG org.apache.http.client.protocol.RequestAddCookies - CookieSpec selected: karate
00:43:35.781 [ForkJoinPool-1-worker-3] DEBUG org.apache.http.client.protocol.RequestAuthCache - Auth cache not set in the context
00:43:35.781 [ForkJoinPool-1-worker-3] DEBUG com.intuit.karate - request:
1 > POST https://api-ssl.bitly.com/v4/bitlinks
1 > Accept: */*
1 > Accept-Encoding: gzip,deflate
1 > Authorization: Bearer 48a7fe60034be1eb264102c122d31ea48f4ef04e
1 > Connection: Keep-Alive
1 > Content-Length: 98
1 > Content-Type: application/json
1 > Host: api-ssl.bitly.com
1 > User-Agent: Apache-HttpClient/4.5.12 (Java/14.0.2)
{"long_url":"https://www.bbc.co.ken/","domain":"bit.ly","group_guid":"Bl39i27Ji5U","title":"test"}

00:43:35.782 [ForkJoinPool-1-worker-3] DEBUG org.apache.http.impl.conn.PoolingHttpClientConnectionManager - Connection request: [route: {s}->https://api-ssl.bitly.com:443][total available: 0; route allocated: 0 of 5; total allocated: 0 of 10]
00:43:35.782 [ForkJoinPool-1-worker-5] DEBUG org.apache.http.client.protocol.RequestAddCookies - CookieSpec selected: karate
00:43:35.782 [ForkJoinPool-1-worker-5] DEBUG org.apache.http.client.protocol.RequestAuthCache - Auth cache not set in the context
00:43:35.782 [ForkJoinPool-1-worker-3] DEBUG org.apache.http.impl.conn.PoolingHttpClientConnectionManager - Connection leased: [id: 5][route: {s}->https://api-ssl.bitly.com:443][total available: 0; route allocated: 1 of 5; total allocated: 1 of 10]
00:43:35.782 [ForkJoinPool-1-worker-5] DEBUG com.intuit.karate - request:
1 > GET https://api-ssl.bitly.com/v4/groups
1 > Accept: */*
1 > Accept-Encoding: gzip,deflate
1 > Authorization: Bearer 48a7fe60034be1eb264102c122d31ea48f4ef04e
1 > Connection: Keep-Alive
1 > Content-Type: application/json
1 > Host: api-ssl.bitly.com
1 > User-Agent: Apache-HttpClient/4.5.12 (Java/14.0.2)

00:43:35.782 [ForkJoinPool-1-worker-3] DEBUG org.apache.http.impl.execchain.MainClientExec - Opening connection {s}->https://api-ssl.bitly.com:443
00:43:35.783 [ForkJoinPool-1-worker-5] DEBUG org.apache.http.impl.conn.PoolingHttpClientConnectionManager - Connection request: [route: {s}->https://api-ssl.bitly.com:443][total available: 0; route allocated: 0 of 5; total allocated: 0 of 10]
00:43:35.783 [ForkJoinPool-1-worker-9] DEBUG com.jayway.jsonpath.internal.path.CompiledPath - Evaluating path: $
00:43:35.783 [ForkJoinPool-1-worker-3] DEBUG org.apache.http.impl.conn.DefaultHttpClientConnectionOperator - Connecting to api-ssl.bitly.com/67.199.248.21:443
00:43:35.783 [ForkJoinPool-1-worker-5] DEBUG org.apache.http.impl.conn.PoolingHttpClientConnectionManager - Connection leased: [id: 6][route: {s}->https://api-ssl.bitly.com:443][total available: 0; route allocated: 1 of 5; total allocated: 1 of 10]
00:43:35.783 [ForkJoinPool-1-worker-3] DEBUG org.apache.http.conn.ssl.SSLConnectionSocketFactory - Connecting socket to api-ssl.bitly.com/67.199.248.21:443 with timeout 3000
00:43:35.783 [ForkJoinPool-1-worker-5] DEBUG org.apache.http.impl.execchain.MainClientExec - Opening connection {s}->https://api-ssl.bitly.com:443
00:43:35.783 [ForkJoinPool-1-worker-5] DEBUG org.apache.http.impl.conn.DefaultHttpClientConnectionOperator - Connecting to api-ssl.bitly.com/67.199.248.21:443
00:43:35.783 [ForkJoinPool-1-worker-5] DEBUG org.apache.http.conn.ssl.SSLConnectionSocketFactory - Connecting socket to api-ssl.bitly.com/67.199.248.21:443 with timeout 3000
00:43:35.784 [ForkJoinPool-1-worker-9] DEBUG org.apache.http.client.protocol.RequestAddCookies - CookieSpec selected: karate
00:43:35.784 [ForkJoinPool-1-worker-9] DEBUG org.apache.http.client.protocol.RequestAuthCache - Auth cache not set in the context
00:43:35.784 [ForkJoinPool-1-worker-9] DEBUG com.intuit.karate - request:
1 > POST https://api-ssl.bitly.com/v4/bitlinks
1 > Accept: */*
1 > Accept-Encoding: gzip,deflate
1 > Authorization: Bearer 48a7fe60034be1eb264102c122d31ea48f4ef04e
1 > Connection: Keep-Alive
1 > Content-Length: 98
1 > Content-Type: application/json
1 > Host: api-ssl.bitly.com
1 > User-Agent: Apache-HttpClient/4.5.12 (Java/14.0.2)
{"long_url":"https://www.bbc.co.ken/","domain":"bit.ly","group_guid":"Bl39i27Ji5U","title":"test"}

00:43:35.784 [ForkJoinPool-1-worker-9] DEBUG org.apache.http.impl.conn.PoolingHttpClientConnectionManager - Connection request: [route: {s}->https://api-ssl.bitly.com:443][total available: 0; route allocated: 0 of 5; total allocated: 0 of 10]
00:43:35.785 [ForkJoinPool-1-worker-9] DEBUG org.apache.http.impl.conn.PoolingHttpClientConnectionManager - Connection leased: [id: 7][route: {s}->https://api-ssl.bitly.com:443][total available: 0; route allocated: 1 of 5; total allocated: 1 of 10]
00:43:35.785 [ForkJoinPool-1-worker-9] DEBUG org.apache.http.impl.execchain.MainClientExec - Opening connection {s}->https://api-ssl.bitly.com:443
00:43:35.785 [ForkJoinPool-1-worker-9] DEBUG org.apache.http.impl.conn.DefaultHttpClientConnectionOperator - Connecting to api-ssl.bitly.com/67.199.248.21:443
00:43:35.785 [ForkJoinPool-1-worker-9] DEBUG org.apache.http.conn.ssl.SSLConnectionSocketFactory - Connecting socket to api-ssl.bitly.com/67.199.248.21:443 with timeout 3000
00:43:35.800 [ForkJoinPool-1-worker-3] DEBUG org.apache.http.conn.ssl.SSLConnectionSocketFactory - Enabled protocols: [TLSv1.3, TLSv1.2, TLSv1.1, TLSv1]
00:43:35.800 [ForkJoinPool-1-worker-3] DEBUG org.apache.http.conn.ssl.SSLConnectionSocketFactory - Enabled cipher suites:[TLS_AES_256_GCM_SHA384, TLS_AES_128_GCM_SHA256, TLS_CHACHA20_POLY1305_SHA256, TLS_ECDHE_ECDSA_WITH_AES_256_GCM_SHA384, TLS_ECDHE_ECDSA_WITH_AES_128_GCM_SHA256, TLS_ECDHE_ECDSA_WITH_CHACHA20_POLY1305_SHA256, TLS_ECDHE_RSA_WITH_AES_256_GCM_SHA384, TLS_ECDHE_RSA_WITH_CHACHA20_POLY1305_SHA256, TLS_ECDHE_RSA_WITH_AES_128_GCM_SHA256, TLS_DHE_RSA_WITH_AES_256_GCM_SHA384, TLS_DHE_RSA_WITH_CHACHA20_POLY1305_SHA256, TLS_DHE_DSS_WITH_AES_256_GCM_SHA384, TLS_DHE_RSA_WITH_AES_128_GCM_SHA256, TLS_DHE_DSS_WITH_AES_128_GCM_SHA256, TLS_ECDHE_ECDSA_WITH_AES_256_CBC_SHA384, TLS_ECDHE_RSA_WITH_AES_256_CBC_SHA384, TLS_ECDHE_ECDSA_WITH_AES_128_CBC_SHA256, TLS_ECDHE_RSA_WITH_AES_128_CBC_SHA256, TLS_DHE_RSA_WITH_AES_256_CBC_SHA256, TLS_DHE_DSS_WITH_AES_256_CBC_SHA256, TLS_DHE_RSA_WITH_AES_128_CBC_SHA256, TLS_DHE_DSS_WITH_AES_128_CBC_SHA256, TLS_ECDH_ECDSA_WITH_AES_256_GCM_SHA384, TLS_ECDH_RSA_WITH_AES_256_GCM_SHA384, TLS_ECDH_ECDSA_WITH_AES_128_GCM_SHA256, TLS_ECDH_RSA_WITH_AES_128_GCM_SHA256, TLS_ECDH_ECDSA_WITH_AES_256_CBC_SHA384, TLS_ECDH_RSA_WITH_AES_256_CBC_SHA384, TLS_ECDH_ECDSA_WITH_AES_128_CBC_SHA256, TLS_ECDH_RSA_WITH_AES_128_CBC_SHA256, TLS_ECDHE_ECDSA_WITH_AES_256_CBC_SHA, TLS_ECDHE_RSA_WITH_AES_256_CBC_SHA, TLS_ECDHE_ECDSA_WITH_AES_128_CBC_SHA, TLS_ECDHE_RSA_WITH_AES_128_CBC_SHA, TLS_DHE_RSA_WITH_AES_256_CBC_SHA, TLS_DHE_DSS_WITH_AES_256_CBC_SHA, TLS_DHE_RSA_WITH_AES_128_CBC_SHA, TLS_DHE_DSS_WITH_AES_128_CBC_SHA, TLS_ECDH_ECDSA_WITH_AES_256_CBC_SHA, TLS_ECDH_RSA_WITH_AES_256_CBC_SHA, TLS_ECDH_ECDSA_WITH_AES_128_CBC_SHA, TLS_ECDH_RSA_WITH_AES_128_CBC_SHA, TLS_RSA_WITH_AES_256_GCM_SHA384, TLS_RSA_WITH_AES_128_GCM_SHA256, TLS_RSA_WITH_AES_256_CBC_SHA256, TLS_RSA_WITH_AES_128_CBC_SHA256, TLS_RSA_WITH_AES_256_CBC_SHA, TLS_RSA_WITH_AES_128_CBC_SHA, TLS_EMPTY_RENEGOTIATION_INFO_SCSV]
00:43:35.800 [ForkJoinPool-1-worker-3] DEBUG org.apache.http.conn.ssl.SSLConnectionSocketFactory - Starting handshake
00:43:35.801 [ForkJoinPool-1-worker-5] DEBUG org.apache.http.conn.ssl.SSLConnectionSocketFactory - Enabled protocols: [TLSv1.3, TLSv1.2, TLSv1.1, TLSv1]
00:43:35.801 [ForkJoinPool-1-worker-5] DEBUG org.apache.http.conn.ssl.SSLConnectionSocketFactory - Enabled cipher suites:[TLS_AES_256_GCM_SHA384, TLS_AES_128_GCM_SHA256, TLS_CHACHA20_POLY1305_SHA256, TLS_ECDHE_ECDSA_WITH_AES_256_GCM_SHA384, TLS_ECDHE_ECDSA_WITH_AES_128_GCM_SHA256, TLS_ECDHE_ECDSA_WITH_CHACHA20_POLY1305_SHA256, TLS_ECDHE_RSA_WITH_AES_256_GCM_SHA384, TLS_ECDHE_RSA_WITH_CHACHA20_POLY1305_SHA256, TLS_ECDHE_RSA_WITH_AES_128_GCM_SHA256, TLS_DHE_RSA_WITH_AES_256_GCM_SHA384, TLS_DHE_RSA_WITH_CHACHA20_POLY1305_SHA256, TLS_DHE_DSS_WITH_AES_256_GCM_SHA384, TLS_DHE_RSA_WITH_AES_128_GCM_SHA256, TLS_DHE_DSS_WITH_AES_128_GCM_SHA256, TLS_ECDHE_ECDSA_WITH_AES_256_CBC_SHA384, TLS_ECDHE_RSA_WITH_AES_256_CBC_SHA384, TLS_ECDHE_ECDSA_WITH_AES_128_CBC_SHA256, TLS_ECDHE_RSA_WITH_AES_128_CBC_SHA256, TLS_DHE_RSA_WITH_AES_256_CBC_SHA256, TLS_DHE_DSS_WITH_AES_256_CBC_SHA256, TLS_DHE_RSA_WITH_AES_128_CBC_SHA256, TLS_DHE_DSS_WITH_AES_128_CBC_SHA256, TLS_ECDH_ECDSA_WITH_AES_256_GCM_SHA384, TLS_ECDH_RSA_WITH_AES_256_GCM_SHA384, TLS_ECDH_ECDSA_WITH_AES_128_GCM_SHA256, TLS_ECDH_RSA_WITH_AES_128_GCM_SHA256, TLS_ECDH_ECDSA_WITH_AES_256_CBC_SHA384, TLS_ECDH_RSA_WITH_AES_256_CBC_SHA384, TLS_ECDH_ECDSA_WITH_AES_128_CBC_SHA256, TLS_ECDH_RSA_WITH_AES_128_CBC_SHA256, TLS_ECDHE_ECDSA_WITH_AES_256_CBC_SHA, TLS_ECDHE_RSA_WITH_AES_256_CBC_SHA, TLS_ECDHE_ECDSA_WITH_AES_128_CBC_SHA, TLS_ECDHE_RSA_WITH_AES_128_CBC_SHA, TLS_DHE_RSA_WITH_AES_256_CBC_SHA, TLS_DHE_DSS_WITH_AES_256_CBC_SHA, TLS_DHE_RSA_WITH_AES_128_CBC_SHA, TLS_DHE_DSS_WITH_AES_128_CBC_SHA, TLS_ECDH_ECDSA_WITH_AES_256_CBC_SHA, TLS_ECDH_RSA_WITH_AES_256_CBC_SHA, TLS_ECDH_ECDSA_WITH_AES_128_CBC_SHA, TLS_ECDH_RSA_WITH_AES_128_CBC_SHA, TLS_RSA_WITH_AES_256_GCM_SHA384, TLS_RSA_WITH_AES_128_GCM_SHA256, TLS_RSA_WITH_AES_256_CBC_SHA256, TLS_RSA_WITH_AES_128_CBC_SHA256, TLS_RSA_WITH_AES_256_CBC_SHA, TLS_RSA_WITH_AES_128_CBC_SHA, TLS_EMPTY_RENEGOTIATION_INFO_SCSV]
00:43:35.801 [ForkJoinPool-1-worker-5] DEBUG org.apache.http.conn.ssl.SSLConnectionSocketFactory - Starting handshake
00:43:35.801 [ForkJoinPool-1-worker-9] DEBUG org.apache.http.conn.ssl.SSLConnectionSocketFactory - Enabled protocols: [TLSv1.3, TLSv1.2, TLSv1.1, TLSv1]
00:43:35.801 [ForkJoinPool-1-worker-9] DEBUG org.apache.http.conn.ssl.SSLConnectionSocketFactory - Enabled cipher suites:[TLS_AES_256_GCM_SHA384, TLS_AES_128_GCM_SHA256, TLS_CHACHA20_POLY1305_SHA256, TLS_ECDHE_ECDSA_WITH_AES_256_GCM_SHA384, TLS_ECDHE_ECDSA_WITH_AES_128_GCM_SHA256, TLS_ECDHE_ECDSA_WITH_CHACHA20_POLY1305_SHA256, TLS_ECDHE_RSA_WITH_AES_256_GCM_SHA384, TLS_ECDHE_RSA_WITH_CHACHA20_POLY1305_SHA256, TLS_ECDHE_RSA_WITH_AES_128_GCM_SHA256, TLS_DHE_RSA_WITH_AES_256_GCM_SHA384, TLS_DHE_RSA_WITH_CHACHA20_POLY1305_SHA256, TLS_DHE_DSS_WITH_AES_256_GCM_SHA384, TLS_DHE_RSA_WITH_AES_128_GCM_SHA256, TLS_DHE_DSS_WITH_AES_128_GCM_SHA256, TLS_ECDHE_ECDSA_WITH_AES_256_CBC_SHA384, TLS_ECDHE_RSA_WITH_AES_256_CBC_SHA384, TLS_ECDHE_ECDSA_WITH_AES_128_CBC_SHA256, TLS_ECDHE_RSA_WITH_AES_128_CBC_SHA256, TLS_DHE_RSA_WITH_AES_256_CBC_SHA256, TLS_DHE_DSS_WITH_AES_256_CBC_SHA256, TLS_DHE_RSA_WITH_AES_128_CBC_SHA256, TLS_DHE_DSS_WITH_AES_128_CBC_SHA256, TLS_ECDH_ECDSA_WITH_AES_256_GCM_SHA384, TLS_ECDH_RSA_WITH_AES_256_GCM_SHA384, TLS_ECDH_ECDSA_WITH_AES_128_GCM_SHA256, TLS_ECDH_RSA_WITH_AES_128_GCM_SHA256, TLS_ECDH_ECDSA_WITH_AES_256_CBC_SHA384, TLS_ECDH_RSA_WITH_AES_256_CBC_SHA384, TLS_ECDH_ECDSA_WITH_AES_128_CBC_SHA256, TLS_ECDH_RSA_WITH_AES_128_CBC_SHA256, TLS_ECDHE_ECDSA_WITH_AES_256_CBC_SHA, TLS_ECDHE_RSA_WITH_AES_256_CBC_SHA, TLS_ECDHE_ECDSA_WITH_AES_128_CBC_SHA, TLS_ECDHE_RSA_WITH_AES_128_CBC_SHA, TLS_DHE_RSA_WITH_AES_256_CBC_SHA, TLS_DHE_DSS_WITH_AES_256_CBC_SHA, TLS_DHE_RSA_WITH_AES_128_CBC_SHA, TLS_DHE_DSS_WITH_AES_128_CBC_SHA, TLS_ECDH_ECDSA_WITH_AES_256_CBC_SHA, TLS_ECDH_RSA_WITH_AES_256_CBC_SHA, TLS_ECDH_ECDSA_WITH_AES_128_CBC_SHA, TLS_ECDH_RSA_WITH_AES_128_CBC_SHA, TLS_RSA_WITH_AES_256_GCM_SHA384, TLS_RSA_WITH_AES_128_GCM_SHA256, TLS_RSA_WITH_AES_256_CBC_SHA256, TLS_RSA_WITH_AES_128_CBC_SHA256, TLS_RSA_WITH_AES_256_CBC_SHA, TLS_RSA_WITH_AES_128_CBC_SHA, TLS_EMPTY_RENEGOTIATION_INFO_SCSV]
00:43:35.801 [ForkJoinPool-1-worker-9] DEBUG org.apache.http.conn.ssl.SSLConnectionSocketFactory - Starting handshake
00:43:35.815 [ForkJoinPool-1-worker-11] DEBUG org.apache.http.wire - http-outgoing-2 << "HTTP/1.1 200 OK[\r][\n]"
00:43:35.815 [ForkJoinPool-1-worker-11] DEBUG org.apache.http.wire - http-outgoing-2 << "Server: nginx[\r][\n]"
00:43:35.815 [ForkJoinPool-1-worker-11] DEBUG org.apache.http.wire - http-outgoing-2 << "Date: Fri, 12 Mar 2021 00:43:35 GMT[\r][\n]"
00:43:35.815 [ForkJoinPool-1-worker-11] DEBUG org.apache.http.wire - http-outgoing-2 << "Content-Type: application/json[\r][\n]"
00:43:35.816 [ForkJoinPool-1-worker-11] DEBUG org.apache.http.wire - http-outgoing-2 << "Transfer-Encoding: chunked[\r][\n]"
00:43:35.816 [ForkJoinPool-1-worker-11] DEBUG org.apache.http.wire - http-outgoing-2 << "Strict-Transport-Security: max-age=31536000; includeSubDomains[\r][\n]"
00:43:35.816 [ForkJoinPool-1-worker-11] DEBUG org.apache.http.wire - http-outgoing-2 << "X-XSS-Protection: 1; mode=blockFilter[\r][\n]"
00:43:35.816 [ForkJoinPool-1-worker-11] DEBUG org.apache.http.wire - http-outgoing-2 << "X-Content-Type-Options: nosniff[\r][\n]"
00:43:35.816 [ForkJoinPool-1-worker-11] DEBUG org.apache.http.wire - http-outgoing-2 << "X-Frame-Options: DENY[\r][\n]"
00:43:35.816 [ForkJoinPool-1-worker-11] DEBUG org.apache.http.wire - http-outgoing-2 << "Content-Security-Policy: default-src 'none[\r][\n]"
00:43:35.816 [ForkJoinPool-1-worker-11] DEBUG org.apache.http.wire - http-outgoing-2 << "Via: 1.1 google[\r][\n]"
00:43:35.816 [ForkJoinPool-1-worker-11] DEBUG org.apache.http.wire - http-outgoing-2 << "Alt-Svc: clear[\r][\n]"
00:43:35.816 [ForkJoinPool-1-worker-11] DEBUG org.apache.http.wire - http-outgoing-2 << "[\r][\n]"
00:43:35.816 [ForkJoinPool-1-worker-11] DEBUG org.apache.http.wire - http-outgoing-2 << "fa8[\r][\n]"
00:43:35.816 [ForkJoinPool-1-worker-11] DEBUG org.apache.http.wire - http-outgoing-2 << "{"links":[{"created_at":"2021-03-12T00:19:45+0000","id":"bit.ly/3qG3Z50","link":"https://bit.ly/3qG3Z50","custom_bitlinks":[],"long_url":"https://www.bbc.com.delete/","title":"Newpp","archived":false,"created_by":"bharathamanik","client_id":"a5e8cebb233c5d07e5c553e917dffb92fec5264d","tags":[],"deeplinks":[],"references":{"group":"https://api-ssl.bitly.com/v4/groups/Bl39i27Ji5U"}},{"created_at":"2021-03-11T23:43:23+0000","id":"bit.ly/3qAb1s1","link":"https://bit.ly/3qAb1s1","custom_bitlinks":[],"long_url":"https://www.bbc.co.us/","title":"tesrt","archived":false,"created_by":"bharathamanik","client_id":"a5e8cebb233c5d07e5c553e917dffb92fec5264d","tags":[],"deeplinks":[],"references":{"group":"https://api-ssl.bitly.com/v4/groups/Bl39i27Ji5U"}},{"created_at":"2021-03-11T23:42:57+0000","id":"bit.ly/3bDhCOg","link":"https://bit.ly/3bDhCOg","custom_bitlinks":[],"long_url":"https://www.bbc.co.usa1212/","title":"tesrt","archived":false,"created_by":"bharathamanik","client_id":"a5e8cebb233c5d07e5c553e917dffb92fec5264d""
00:43:35.816 [ForkJoinPool-1-worker-11] DEBUG org.apache.http.headers - http-outgoing-2 << HTTP/1.1 200 OK
00:43:35.816 [ForkJoinPool-1-worker-11] DEBUG org.apache.http.headers - http-outgoing-2 << Server: nginx
00:43:35.816 [ForkJoinPool-1-worker-11] DEBUG org.apache.http.headers - http-outgoing-2 << Date: Fri, 12 Mar 2021 00:43:35 GMT
00:43:35.816 [ForkJoinPool-1-worker-11] DEBUG org.apache.http.headers - http-outgoing-2 << Content-Type: application/json
00:43:35.816 [ForkJoinPool-1-worker-11] DEBUG org.apache.http.headers - http-outgoing-2 << Transfer-Encoding: chunked
00:43:35.816 [ForkJoinPool-1-worker-11] DEBUG org.apache.http.headers - http-outgoing-2 << Strict-Transport-Security: max-age=31536000; includeSubDomains
00:43:35.816 [ForkJoinPool-1-worker-11] DEBUG org.apache.http.headers - http-outgoing-2 << X-XSS-Protection: 1; mode=blockFilter
00:43:35.816 [ForkJoinPool-1-worker-11] DEBUG org.apache.http.headers - http-outgoing-2 << X-Content-Type-Options: nosniff
00:43:35.817 [ForkJoinPool-1-worker-11] DEBUG org.apache.http.headers - http-outgoing-2 << X-Frame-Options: DENY
00:43:35.817 [ForkJoinPool-1-worker-11] DEBUG org.apache.http.headers - http-outgoing-2 << Content-Security-Policy: default-src 'none
00:43:35.817 [ForkJoinPool-1-worker-11] DEBUG org.apache.http.headers - http-outgoing-2 << Via: 1.1 google
00:43:35.817 [ForkJoinPool-1-worker-11] DEBUG org.apache.http.headers - http-outgoing-2 << Alt-Svc: clear
00:43:35.817 [ForkJoinPool-1-worker-7] DEBUG org.apache.http.wire - http-outgoing-3 << "HTTP/1.1 200 OK[\r][\n]"
00:43:35.817 [ForkJoinPool-1-worker-7] DEBUG org.apache.http.wire - http-outgoing-3 << "Server: nginx[\r][\n]"
00:43:35.817 [ForkJoinPool-1-worker-7] DEBUG org.apache.http.wire - http-outgoing-3 << "Date: Fri, 12 Mar 2021 00:43:35 GMT[\r][\n]"
00:43:35.817 [ForkJoinPool-1-worker-7] DEBUG org.apache.http.wire - http-outgoing-3 << "Content-Type: application/json[\r][\n]"
00:43:35.817 [ForkJoinPool-1-worker-11] DEBUG org.apache.http.impl.execchain.MainClientExec - Connection can be kept alive indefinitely
00:43:35.817 [ForkJoinPool-1-worker-7] DEBUG org.apache.http.wire - http-outgoing-3 << "Transfer-Encoding: chunked[\r][\n]"
00:43:35.818 [ForkJoinPool-1-worker-7] DEBUG org.apache.http.wire - http-outgoing-3 << "Strict-Transport-Security: max-age=31536000; includeSubDomains[\r][\n]"
00:43:35.818 [ForkJoinPool-1-worker-7] DEBUG org.apache.http.wire - http-outgoing-3 << "X-XSS-Protection: 1; mode=blockFilter[\r][\n]"
00:43:35.818 [ForkJoinPool-1-worker-7] DEBUG org.apache.http.wire - http-outgoing-3 << "X-Content-Type-Options: nosniff[\r][\n]"
00:43:35.818 [ForkJoinPool-1-worker-7] DEBUG org.apache.http.wire - http-outgoing-3 << "X-Frame-Options: DENY[\r][\n]"
00:43:35.818 [ForkJoinPool-1-worker-7] DEBUG org.apache.http.wire - http-outgoing-3 << "Content-Security-Policy: default-src 'none[\r][\n]"
00:43:35.818 [ForkJoinPool-1-worker-7] DEBUG org.apache.http.wire - http-outgoing-3 << "Via: 1.1 google[\r][\n]"
00:43:35.818 [ForkJoinPool-1-worker-7] DEBUG org.apache.http.wire - http-outgoing-3 << "Alt-Svc: clear[\r][\n]"
00:43:35.818 [ForkJoinPool-1-worker-7] DEBUG org.apache.http.wire - http-outgoing-3 << "[\r][\n]"
00:43:35.818 [ForkJoinPool-1-worker-7] DEBUG org.apache.http.wire - http-outgoing-3 << "fa8[\r][\n]"
00:43:35.818 [ForkJoinPool-1-worker-7] DEBUG org.apache.http.wire - http-outgoing-3 << "{"links":[{"created_at":"2021-03-12T00:19:45+0000","id":"bit.ly/3qG3Z50","link":"https://bit.ly/3qG3Z50","custom_bitlinks":[],"long_url":"https://www.bbc.com.delete/","title":"Newpp","archived":false,"created_by":"bharathamanik","client_id":"a5e8cebb233c5d07e5c553e917dffb92fec5264d","tags":[],"deeplinks":[],"references":{"group":"https://api-ssl.bitly.com/v4/groups/Bl39i27Ji5U"}},{"created_at":"2021-03-11T23:43:23+0000","id":"bit.ly/3qAb1s1","link":"https://bit.ly/3qAb1s1","custom_bitlinks":[],"long_url":"https://www.bbc.co.us/","title":"tesrt","archived":false,"created_by":"bharathamanik","client_id":"a5e8cebb233c5d07e5c553e917dffb92fec5264d","tags":[],"deeplinks":[],"references":{"group":"https://api-ssl.bitly.com/v4/groups/Bl39i27Ji5U"}},{"created_at":"2021-03-11T23:42:57+0000","id":"bit.ly/3bDhCOg","link":"https://bit.ly/3bDhCOg","custom_bitlinks":[],"long_url":"https://www.bbc.co.usa1212/","title":"tesrt","archived":false,"created_by":"bharathamanik","client_id":"a5e8cebb233c5d07e5c553e917dffb92fec5264d""
00:43:35.818 [ForkJoinPool-1-worker-7] DEBUG org.apache.http.headers - http-outgoing-3 << HTTP/1.1 200 OK
00:43:35.818 [ForkJoinPool-1-worker-7] DEBUG org.apache.http.headers - http-outgoing-3 << Server: nginx
00:43:35.818 [ForkJoinPool-1-worker-7] DEBUG org.apache.http.headers - http-outgoing-3 << Date: Fri, 12 Mar 2021 00:43:35 GMT
00:43:35.818 [ForkJoinPool-1-worker-7] DEBUG org.apache.http.headers - http-outgoing-3 << Content-Type: application/json
00:43:35.818 [ForkJoinPool-1-worker-7] DEBUG org.apache.http.headers - http-outgoing-3 << Transfer-Encoding: chunked
00:43:35.818 [ForkJoinPool-1-worker-7] DEBUG org.apache.http.headers - http-outgoing-3 << Strict-Transport-Security: max-age=31536000; includeSubDomains
[...]
00:43:37.136 [Test worker] DEBUG org.apache.velocity - Velocimacro : added VM includeReportTable: source=/templates/macros/report/reportTable.vm
00:43:37.136 [Test worker] DEBUG org.apache.velocity - ResourceManager : found /templates/macros/report/reportTable.vm with loader org.apache.velocity.runtime.resource.loader.ClasspathResourceLoader
00:43:37.137 [Test worker] DEBUG org.apache.velocity - Velocimacro : added VM includeReportHeader: source=/templates/macros/report/reportHeader.vm
00:43:37.137 [Test worker] DEBUG org.apache.velocity - ResourceManager : found /templates/macros/report/reportHeader.vm with loader org.apache.velocity.runtime.resource.loader.ClasspathResourceLoader
00:43:37.139 [Test worker] DEBUG org.apache.velocity - Velocimacro : added VM includeStatsTable: source=/templates/macros/report/statsTable.vm
00:43:37.139 [Test worker] DEBUG org.apache.velocity - ResourceManager : found /templates/macros/report/statsTable.vm with loader org.apache.velocity.runtime.resource.loader.ClasspathResourceLoader
00:43:37.139 [Test worker] DEBUG org.apache.velocity - Velocimacro : added VM includeBrief: source=/templates/macros/json/brief.vm
00:43:37.139 [Test worker] DEBUG org.apache.velocity - ResourceManager : found /templates/macros/json/brief.vm with loader org.apache.velocity.runtime.resource.loader.ClasspathResourceLoader
00:43:37.140 [Test worker] DEBUG org.apache.velocity - Velocimacro : added VM includeDocString: source=/templates/macros/json/docstring.vm
00:43:37.140 [Test worker] DEBUG org.apache.velocity - ResourceManager : found /templates/macros/json/docstring.vm with loader org.apache.velocity.runtime.resource.loader.ClasspathResourceLoader
00:43:37.140 [Test worker] DEBUG org.apache.velocity - Velocimacro : added VM includeDuration: source=/templates/macros/json/duration.vm
00:43:37.140 [Test worker] DEBUG org.apache.velocity - ResourceManager : found /templates/macros/json/duration.vm with loader org.apache.velocity.runtime.resource.loader.ClasspathResourceLoader
00:43:37.141 [Test worker] DEBUG org.apache.velocity - Velocimacro : added VM includeElement: source=/templates/macros/json/element.vm
00:43:37.141 [Test worker] DEBUG org.apache.velocity - ResourceManager : found /templates/macros/json/element.vm with loader org.apache.velocity.runtime.resource.loader.ClasspathResourceLoader
00:43:37.143 [Test worker] DEBUG org.apache.velocity - Velocimacro : added VM includeEmbeddings: source=/templates/macros/json/embeddings.vm
00:43:37.144 [Test worker] DEBUG org.apache.velocity - Velocimacro : added VM includeHtmlEmbedding: source=/templates/macros/json/embeddings.vm
00:43:37.144 [Test worker] DEBUG org.apache.velocity - Velocimacro : added VM includeVideoEmbedding: source=/templates/macros/json/embeddings.vm
00:43:37.144 [Test worker] DEBUG org.apache.velocity - Velocimacro : added VM includeImageEmbedding: source=/templates/macros/json/embeddings.vm
00:43:37.145 [Test worker] DEBUG org.apache.velocity - Velocimacro : added VM includeImageReferenceEmbedding: source=/templates/macros/json/embeddings.vm
00:43:37.145 [Test worker] DEBUG org.apache.velocity - Velocimacro : added VM includeTextEmbedding: source=/templates/macros/json/embeddings.vm
00:43:37.145 [Test worker] DEBUG org.apache.velocity - Velocimacro : added VM includeUnknownEmbedding: source=/templates/macros/json/embeddings.vm
00:43:37.145 [Test worker] DEBUG org.apache.velocity - ResourceManager : found /templates/macros/json/embeddings.vm with loader org.apache.velocity.runtime.resource.loader.ClasspathResourceLoader
00:43:37.146 [Test worker] DEBUG org.apache.velocity - Velocimacro : added VM includeHooks: source=/templates/macros/json/hooks.vm
00:43:37.146 [Test worker] DEBUG org.apache.velocity - ResourceManager : found /templates/macros/json/hooks.vm with loader org.apache.velocity.runtime.resource.loader.ClasspathResourceLoader
00:43:37.147 [Test worker] DEBUG org.apache.velocity - Velocimacro : added VM includeOutput: source=/templates/macros/json/output.vm
00:43:37.147 [Test worker] DEBUG org.apache.velocity - ResourceManager : found /templates/macros/json/output.vm with loader org.apache.velocity.runtime.resource.loader.ClasspathResourceLoader
00:43:37.148 [Test worker] DEBUG org.apache.velocity - Velocimacro : added VM includeMessage: source=/templates/macros/json/message.vm
00:43:37.148 [Test worker] DEBUG org.apache.velocity - ResourceManager : found /templates/macros/json/message.vm with loader org.apache.velocity.runtime.resource.loader.ClasspathResourceLoader
00:43:37.150 [Test worker] DEBUG org.apache.velocity - Velocimacro : added VM includeSteps: source=/templates/macros/json/steps.vm
00:43:37.150 [Test worker] DEBUG org.apache.velocity - ResourceManager : found /templates/macros/json/steps.vm with loader org.apache.velocity.runtime.resource.loader.ClasspathResourceLoader
00:43:37.150 [Test worker] DEBUG org.apache.velocity - Velocimacro : added VM includeStepName: source=/templates/macros/json/stepName.vm
00:43:37.150 [Test worker] DEBUG org.apache.velocity - ResourceManager : found /templates/macros/json/stepName.vm with loader org.apache.velocity.runtime.resource.loader.ClasspathResourceLoader
00:43:37.151 [Test worker] DEBUG org.apache.velocity - Velocimacro : added VM includeTags: source=/templates/macros/json/tags.vm
00:43:37.151 [Test worker] DEBUG org.apache.velocity - ResourceManager : found /templates/macros/json/tags.vm with loader org.apache.velocity.runtime.resource.loader.ClasspathResourceLoader
00:43:37.152 [Test worker] DEBUG org.apache.velocity - ResourceManager : found /templates/footer.vm with loader org.apache.velocity.runtime.resource.loader.ClasspathResourceLoader
00:43:37.154 [Test worker] DEBUG org.apache.velocity - CommonsLogLogChute name is 'org.apache.velocity'
00:43:37.154 [Test worker] DEBUG org.apache.velocity - Initializing Velocity, Calling init()...
00:43:37.154 [Test worker] DEBUG org.apache.velocity - Starting Apache Velocity v1.7 (compiled: 2010-11-19 12:14:37)
00:43:37.154 [Test worker] DEBUG org.apache.velocity - Default Properties File: org/apache/velocity/runtime/defaults/velocity.properties
00:43:37.154 [Test worker] DEBUG org.apache.velocity - Trying to use logger class org.apache.velocity.runtime.log.AvalonLogChute
00:43:37.154 [Test worker] DEBUG org.apache.velocity - Target log system for org.apache.velocity.runtime.log.AvalonLogChute is not available (java.lang.NoClassDefFoundError: org/apache/log/format/Formatter).  Falling back to next log system...
00:43:37.154 [Test worker] DEBUG org.apache.velocity - Trying to use logger class org.apache.velocity.runtime.log.Log4JLogChute
00:43:37.154 [Test worker] DEBUG org.apache.velocity - Target log system for org.apache.velocity.runtime.log.Log4JLogChute is not available (java.lang.NoClassDefFoundError: org/apache/log4j/Layout).  Falling back to next log system...
00:43:37.154 [Test worker] DEBUG org.apache.velocity - Trying to use logger class org.apache.velocity.runtime.log.CommonsLogLogChute
00:43:37.154 [Test worker] DEBUG org.apache.velocity - Using logger class org.apache.velocity.runtime.log.CommonsLogLogChute
00:43:37.155 [Test worker] DEBUG org.apache.velocity - ResourceLoader instantiated: org.apache.velocity.runtime.resource.loader.ClasspathResourceLoader
00:43:37.155 [Test worker] DEBUG org.apache.velocity - ResourceCache: initialized (class org.apache.velocity.runtime.resource.ResourceCacheImpl) with class java.util.Collections$SynchronizedMap cache map.
00:43:37.155 [Test worker] DEBUG org.apache.velocity - Loaded System Directive: org.apache.velocity.runtime.directive.Stop
00:43:37.155 [Test worker] DEBUG org.apache.velocity - Loaded System Directive: org.apache.velocity.runtime.directive.Define
00:43:37.155 [Test worker] DEBUG org.apache.velocity - Loaded System Directive: org.apache.velocity.runtime.directive.Break
00:43:37.155 [Test worker] DEBUG org.apache.velocity - Loaded System Directive: org.apache.velocity.runtime.directive.Evaluate
00:43:37.155 [Test worker] DEBUG org.apache.velocity - Loaded System Directive: org.apache.velocity.runtime.directive.Literal
00:43:37.155 [Test worker] DEBUG org.apache.velocity - Loaded System Directive: org.apache.velocity.runtime.directive.Macro
00:43:37.155 [Test worker] DEBUG org.apache.velocity - Loaded System Directive: org.apache.velocity.runtime.directive.Parse
00:43:37.155 [Test worker] DEBUG org.apache.velocity - Loaded System Directive: org.apache.velocity.runtime.directive.Include
00:43:37.155 [Test worker] DEBUG org.apache.velocity - Loaded System Directive: org.apache.velocity.runtime.directive.Foreach
00:43:37.156 [Test worker] DEBUG org.apache.velocity - Created '20' parsers.
00:43:37.156 [Test worker] DEBUG org.apache.velocity - Velocimacro : "velocimacro.library" is not set.  Trying default library: VM_global_library.vm
00:43:37.156 [Test worker] DEBUG org.apache.velocity - Could not load resource 'VM_global_library.vm' from ResourceLoader org.apache.velocity.runtime.resource.loader.ClasspathResourceLoader: ClasspathResourceLoader Error: cannot find resource VM_global_library.vm
00:43:37.156 [Test worker] DEBUG org.apache.velocity - Velocimacro : Default library not found.
00:43:37.156 [Test worker] DEBUG org.apache.velocity - Velocimacro : allowInline = true : VMs can be defined inline in templates
00:43:37.156 [Test worker] DEBUG org.apache.velocity - Velocimacro : allowInlineToOverride = false : VMs defined inline may NOT replace previous VM definitions
00:43:37.156 [Test worker] DEBUG org.apache.velocity - Velocimacro : allowInlineLocal = false : VMs defined inline will be global in scope if allowed.
00:43:37.156 [Test worker] DEBUG org.apache.velocity - Velocimacro : autoload off : VM system will not automatically reload global library macros
00:43:37.158 [Test worker] DEBUG org.apache.velocity - ResourceManager : found templates/generators/overviewFailures.vm with loader org.apache.velocity.runtime.resource.loader.ClasspathResourceLoader
00:43:37.159 [Test worker] DEBUG org.apache.velocity - ResourceManager : found /templates/headers.vm with loader org.apache.velocity.runtime.resource.loader.ClasspathResourceLoader
00:43:37.160 [Test worker] DEBUG org.apache.velocity - ResourceManager : found /templates/head.vm with loader org.apache.velocity.runtime.resource.loader.ClasspathResourceLoader
00:43:37.160 [Test worker] DEBUG org.apache.velocity - Velocimacro : added VM stringArray: source=/templates/macros/array.js.vm
00:43:37.161 [Test worker] DEBUG org.apache.velocity - Velocimacro : added VM numberArray: source=/templates/macros/array.js.vm
00:43:37.161 [Test worker] DEBUG org.apache.velocity - ResourceManager : found /templates/macros/array.js.vm with loader org.apache.velocity.runtime.resource.loader.ClasspathResourceLoader
00:43:37.161 [Test worker] DEBUG org.apache.velocity - Velocimacro : added VM includeBuildInfo: source=/templates/macros/page/buildinfo.vm
00:43:37.161 [Test worker] DEBUG org.apache.velocity - ResourceManager : found /templates/macros/page/buildinfo.vm with loader org.apache.velocity.runtime.resource.loader.ClasspathResourceLoader
00:43:37.161 [Test worker] DEBUG org.apache.velocity - Velocimacro : added VM includeClassifications: source=/templates/macros/page/classifications.vm
00:43:37.161 [Test worker] DEBUG org.apache.velocity - ResourceManager : found /templates/macros/page/classifications.vm with loader org.apache.velocity.runtime.resource.loader.ClasspathResourceLoader
00:43:37.162 [Test worker] DEBUG org.apache.velocity - Velocimacro : added VM includeLead: source=/templates/macros/page/lead.vm
00:43:37.162 [Test worker] DEBUG org.apache.velocity - ResourceManager : found /templates/macros/page/lead.vm with loader org.apache.velocity.runtime.resource.loader.ClasspathResourceLoader
00:43:37.162 [Test worker] DEBUG org.apache.velocity - Velocimacro : added VM includeNavigation: source=/templates/macros/page/navigation.vm
00:43:37.162 [Test worker] DEBUG org.apache.velocity - ResourceManager : found /templates/macros/page/navigation.vm with loader org.apache.velocity.runtime.resource.loader.ClasspathResourceLoader
00:43:37.164 [Test worker] DEBUG org.apache.velocity - Velocimacro : added VM includeReportInfo: source=/templates/macros/page/reportInfo.vm
00:43:37.164 [Test worker] DEBUG org.apache.velocity - ResourceManager : found /templates/macros/page/reportInfo.vm with loader org.apache.velocity.runtime.resource.loader.ClasspathResourceLoader
00:43:37.164 [Test worker] DEBUG org.apache.velocity - Velocimacro : added VM includeTitle: source=/templates/macros/page/title.vm
00:43:37.165 [Test worker] DEBUG org.apache.velocity - ResourceManager : found /templates/macros/page/title.vm with loader org.apache.velocity.runtime.resource.loader.ClasspathResourceLoader
00:43:37.165 [Test worker] DEBUG org.apache.velocity - Velocimacro : added VM includeExpandingButtons: source=/templates/macros/report/expandAllButtons.vm
00:43:37.165 [Test worker] DEBUG org.apache.velocity - ResourceManager : found /templates/macros/report/expandAllButtons.vm with loader org.apache.velocity.runtime.resource.loader.ClasspathResourceLoader
00:43:37.166 [Test worker] DEBUG org.apache.velocity - Velocimacro : added VM includeReportTable: source=/templates/macros/report/reportTable.vm
00:43:37.166 [Test worker] DEBUG org.apache.velocity - ResourceManager : found /templates/macros/report/reportTable.vm with loader org.apache.velocity.runtime.resource.loader.ClasspathResourceLoader
00:43:37.166 [Test worker] DEBUG org.apache.velocity - Velocimacro : added VM includeReportHeader: source=/templates/macros/report/reportHeader.vm
00:43:37.166 [Test worker] DEBUG org.apache.velocity - ResourceManager : found /templates/macros/report/reportHeader.vm with loader org.apache.velocity.runtime.resource.loader.ClasspathResourceLoader
00:43:37.168 [Test worker] DEBUG org.apache.velocity - Velocimacro : added VM includeStatsTable: source=/templates/macros/report/statsTable.vm
00:43:37.168 [Test worker] DEBUG org.apache.velocity - ResourceManager : found /templates/macros/report/statsTable.vm with loader org.apache.velocity.runtime.resource.loader.ClasspathResourceLoader
00:43:37.168 [Test worker] DEBUG org.apache.velocity - Velocimacro : added VM includeBrief: source=/templates/macros/json/brief.vm
00:43:37.169 [Test worker] DEBUG org.apache.velocity - ResourceManager : found /templates/macros/json/brief.vm with loader org.apache.velocity.runtime.resource.loader.ClasspathResourceLoader
00:43:37.169 [Test worker] DEBUG org.apache.velocity - Velocimacro : added VM includeDocString: source=/templates/macros/json/docstring.vm
00:43:37.169 [Test worker] DEBUG org.apache.velocity - ResourceManager : found /templates/macros/json/docstring.vm with loader org.apache.velocity.runtime.resource.loader.ClasspathResourceLoader
00:43:37.170 [Test worker] DEBUG org.apache.velocity - Velocimacro : added VM includeDuration: source=/templates/macros/json/duration.vm
00:43:37.170 [Test worker] DEBUG org.apache.velocity - ResourceManager : found /templates/macros/json/duration.vm with loader org.apache.velocity.runtime.resource.loader.ClasspathResourceLoader
00:43:37.170 [Test worker] DEBUG org.apache.velocity - Velocimacro : added VM includeElement: source=/templates/macros/json/element.vm
00:43:37.171 [Test worker] DEBUG org.apache.velocity - ResourceManager : found /templates/macros/json/element.vm with loader org.apache.velocity.runtime.resource.loader.ClasspathResourceLoader
00:43:37.173 [Test worker] DEBUG org.apache.velocity - Velocimacro : added VM includeEmbeddings: source=/templates/macros/json/embeddings.vm
00:43:37.173 [Test worker] DEBUG org.apache.velocity - Velocimacro : added VM includeHtmlEmbedding: source=/templates/macros/json/embeddings.vm
00:43:37.173 [Test worker] DEBUG org.apache.velocity - Velocimacro : added VM includeVideoEmbedding: source=/templates/macros/json/embeddings.vm
00:43:37.174 [Test worker] DEBUG org.apache.velocity - Velocimacro : added VM includeImageEmbedding: source=/templates/macros/json/embeddings.vm
00:43:37.174 [Test worker] DEBUG org.apache.velocity - Velocimacro : added VM includeImageReferenceEmbedding: source=/templates/macros/json/embeddings.vm
00:43:37.174 [Test worker] DEBUG org.apache.velocity - Velocimacro : added VM includeTextEmbedding: source=/templates/macros/json/embeddings.vm
00:43:37.174 [Test worker] DEBUG org.apache.velocity - Velocimacro : added VM includeUnknownEmbedding: source=/templates/macros/json/embeddings.vm
00:43:37.174 [Test worker] DEBUG org.apache.velocity - ResourceManager : found /templates/macros/json/embeddings.vm with loader org.apache.velocity.runtime.resource.loader.ClasspathResourceLoader
00:43:37.176 [Test worker] DEBUG org.apache.velocity - Velocimacro : added VM includeHooks: source=/templates/macros/json/hooks.vm
00:43:37.176 [Test worker] DEBUG org.apache.velocity - ResourceManager : found /templates/macros/json/hooks.vm with loader org.apache.velocity.runtime.resource.loader.ClasspathResourceLoader
00:43:37.177 [Test worker] DEBUG org.apache.velocity - Velocimacro : added VM includeOutput: source=/templates/macros/json/output.vm
00:43:37.177 [Test worker] DEBUG org.apache.velocity - ResourceManager : found /templates/macros/json/output.vm with loader org.apache.velocity.runtime.resource.loader.ClasspathResourceLoader
00:43:37.178 [Test worker] DEBUG org.apache.velocity - Velocimacro : added VM includeMessage: source=/templates/macros/json/message.vm
00:43:37.179 [Test worker] DEBUG org.apache.velocity - ResourceManager : found /templates/macros/json/message.vm with loader org.apache.velocity.runtime.resource.loader.ClasspathResourceLoader
00:43:37.181 [Test worker] DEBUG org.apache.velocity - Velocimacro : added VM includeSteps: source=/templates/macros/json/steps.vm
00:43:37.181 [Test worker] DEBUG org.apache.velocity - ResourceManager : found /templates/macros/json/steps.vm with loader org.apache.velocity.runtime.resource.loader.ClasspathResourceLoader
00:43:37.182 [Test worker] DEBUG org.apache.velocity - Velocimacro : added VM includeStepName: source=/templates/macros/json/stepName.vm
00:43:37.182 [Test worker] DEBUG org.apache.velocity - ResourceManager : found /templates/macros/json/stepName.vm with loader org.apache.velocity.runtime.resource.loader.ClasspathResourceLoader
00:43:37.183 [Test worker] DEBUG org.apache.velocity - Velocimacro : added VM includeTags: source=/templates/macros/json/tags.vm
00:43:37.183 [Test worker] DEBUG org.apache.velocity - ResourceManager : found /templates/macros/json/tags.vm with loader org.apache.velocity.runtime.resource.loader.ClasspathResourceLoader
00:43:37.183 [Test worker] DEBUG org.apache.velocity - ResourceManager : found /templates/footer.vm with loader org.apache.velocity.runtime.resource.loader.ClasspathResourceLoader
]]></system-out>
  <system-err><![CDATA[Warning: Nashorn engine is planned to be removed from a future JDK release
Mar 12, 2021 12:43:36 AM net.masterthought.cucumber.ReportParser parseJsonFiles
INFO: File '/Users/bharathamanik/Desktop/Automation/bitly/target/surefire-reports/src.test.java.groups.general.json' contains 1 features
Mar 12, 2021 12:43:36 AM net.masterthought.cucumber.ReportParser parseJsonFiles
INFO: File '/Users/bharathamanik/Desktop/Automation/bitly/target/surefire-reports/src.test.java.groups.links_creation.json' contains 1 features
Mar 12, 2021 12:43:36 AM net.masterthought.cucumber.ReportParser parseJsonFiles
INFO: File '/Users/bharathamanik/Desktop/Automation/bitly/target/surefire-reports/src.test.java.groups.links_sort_pagination.json' contains 1 features
Mar 12, 2021 12:43:36 AM net.masterthought.cucumber.ReportParser parseJsonFiles
INFO: File '/Users/bharathamanik/Desktop/Automation/bitly/target/surefire-reports/src.test.java.groups.links_sort.json' contains 1 features
]]></system-err>
</testsuite>
