<testsuite failures="0" name="src/test/java/groups.links_creation.feature" skipped="0" tests="4" time="1.173387">
  <testcase classname="src.test.java.groups.links_creation" name="Validate a historical post link and comparae response by link -  (json payload from resources used)" time="0.610566">
    <system-out>* url 'https://api-ssl.bitly.com/v4/bitlinks' ............................. passed
* configure charset = null ................................................ passed
* configure headers = read('classpath:headers.js') ........................ passed
* def jsonPayload = read('/Users/bharathamanik/Desktop/Automation/bitly/src/test/resources/body.json') . passed
* request jsonPayload ..................................................... passed
When method post .......................................................... passed
Then status 200 ........................................................... passed
* def result = response ................................................... passed
* match result.link == "https://bit.ly/30zP8P7" ........................... passed</system-out>
  </testcase>
  <testcase classname="src.test.java.groups.links_creation" name="Validate a historical post link and comparae response by id -  (json payload from resources used)" time="0.19111">
    <system-out>* url 'https://api-ssl.bitly.com/v4/bitlinks' ............................. passed
* configure charset = null ................................................ passed
* configure headers = read('classpath:headers.js') ........................ passed
* def jsonPayload = read('/Users/bharathamanik/Desktop/Automation/bitly/src/test/resources/body.json') . passed
* request jsonPayload ..................................................... passed
When method post .......................................................... passed
Then status 200 ........................................................... passed
* def result = response ................................................... passed
* match result.link == "https://bit.ly/30zP8P7" ........................... passed
* url 'https://api-ssl.bitly.com/v4/bitlinks' ............................. passed
* configure charset = null ................................................ passed
* configure headers = read('classpath:headers.js') ........................ passed
* def jsonPayload = read('/Users/bharathamanik/Desktop/Automation/bitly/src/test/resources/body.json') . passed
* request jsonPayload ..................................................... passed
When method post .......................................................... passed
Then status 200 ........................................................... passed
* def result = response ................................................... passed
* match result.id == "bit.ly/30zP8P7" ..................................... passed</system-out>
  </testcase>
  <testcase classname="src.test.java.groups.links_creation" name="Validate a historical post link and comparae response by title -  (json payload from resources used)" time="0.184812">
    <system-out>* url 'https://api-ssl.bitly.com/v4/bitlinks' ............................. passed
* configure charset = null ................................................ passed
* configure headers = read('classpath:headers.js') ........................ passed
* def jsonPayload = read('/Users/bharathamanik/Desktop/Automation/bitly/src/test/resources/body.json') . passed
* request jsonPayload ..................................................... passed
When method post .......................................................... passed
Then status 200 ........................................................... passed
* def result = response ................................................... passed
* match result.link == "https://bit.ly/30zP8P7" ........................... passed
* url 'https://api-ssl.bitly.com/v4/bitlinks' ............................. passed
* configure charset = null ................................................ passed
* configure headers = read('classpath:headers.js') ........................ passed
* def jsonPayload = read('/Users/bharathamanik/Desktop/Automation/bitly/src/test/resources/body.json') . passed
* request jsonPayload ..................................................... passed
When method post .......................................................... passed
Then status 200 ........................................................... passed
* def result = response ................................................... passed
* match result.id == "bit.ly/30zP8P7" ..................................... passed
* url 'https://api-ssl.bitly.com/v4/bitlinks' ............................. passed
* configure charset = null ................................................ passed
* configure headers = read('classpath:headers.js') ........................ passed
* def jsonPayload = read('/Users/bharathamanik/Desktop/Automation/bitly/src/test/resources/body.json') . passed
* request jsonPayload ..................................................... passed
When method post .......................................................... passed
Then status 200 ........................................................... passed
* def result = response ................................................... passed
* match result.title == "test" ............................................ passed</system-out>
  </testcase>
  <testcase classname="src.test.java.groups.links_creation" name="Validate a historical post link and comparae response by long_url -  (json payload from resources used)" time="0.186899">
    <system-out>* url 'https://api-ssl.bitly.com/v4/bitlinks' ............................. passed
* configure charset = null ................................................ passed
* configure headers = read('classpath:headers.js') ........................ passed
* def jsonPayload = read('/Users/bharathamanik/Desktop/Automation/bitly/src/test/resources/body.json') . passed
* request jsonPayload ..................................................... passed
When method post .......................................................... passed
Then status 200 ........................................................... passed
* def result = response ................................................... passed
* match result.link == "https://bit.ly/30zP8P7" ........................... passed
* url 'https://api-ssl.bitly.com/v4/bitlinks' ............................. passed
* configure charset = null ................................................ passed
* configure headers = read('classpath:headers.js') ........................ passed
* def jsonPayload = read('/Users/bharathamanik/Desktop/Automation/bitly/src/test/resources/body.json') . passed
* request jsonPayload ..................................................... passed
When method post .......................................................... passed
Then status 200 ........................................................... passed
* def result = response ................................................... passed
* match result.id == "bit.ly/30zP8P7" ..................................... passed
* url 'https://api-ssl.bitly.com/v4/bitlinks' ............................. passed
* configure charset = null ................................................ passed
* configure headers = read('classpath:headers.js') ........................ passed
* def jsonPayload = read('/Users/bharathamanik/Desktop/Automation/bitly/src/test/resources/body.json') . passed
* request jsonPayload ..................................................... passed
When method post .......................................................... passed
Then status 200 ........................................................... passed
* def result = response ................................................... passed
* match result.title == "test" ............................................ passed
* url 'https://api-ssl.bitly.com/v4/bitlinks' ............................. passed
* configure charset = null ................................................ passed
* configure headers = read('classpath:headers.js') ........................ passed
* def jsonPayload = read('/Users/bharathamanik/Desktop/Automation/bitly/src/test/resources/body.json') . passed
* request jsonPayload ..................................................... passed
When method post .......................................................... passed
Then status 200 ........................................................... passed
* def result = response ................................................... passed
* match result.long_url == "https://www.bbc.co.ken/" ...................... passed</system-out>
  </testcase>
</testsuite>
