<testsuite failures="0" name="src/test/java/groups.general.feature" skipped="0" tests="6" time="1.40251">
  <testcase classname="src.test.java.groups.general" name="contract testing - verify contracts of groups" time="0.563696">
    <system-out>* url 'https://api-ssl.bitly.com/v4/groups' ............................... passed
* configure headers = read('classpath:headers.js') ........................ passed
When method GET ........................................................... passed
Then status 200 ........................................................... passed
* def result = response.groups ............................................ passed
* match result == ......................................................... passed</system-out>
  </testcase>
  <testcase classname="src.test.java.groups.general" name="validate the data response for created group" time="0.179491">
    <system-out>* url 'https://api-ssl.bitly.com/v4/groups' ............................... passed
* configure headers = read('classpath:headers.js') ........................ passed
When method GET ........................................................... passed
Then status 200 ........................................................... passed
* def result = response.groups ............................................ passed
* match result == ......................................................... passed
* url 'https://api-ssl.bitly.com/v4/groups' ............................... passed
* configure headers = read('classpath:headers.js') ........................ passed
When method GET ........................................................... passed
Then status 200 ........................................................... passed
* def result = response.groups ............................................ passed
* match result == ......................................................... passed</system-out>
  </testcase>
  <testcase classname="src.test.java.groups.general" name="validate invalid method calls showing expected code" time="0.174893">
    <system-out>* url 'https://api-ssl.bitly.com/v4/groups' ............................... passed
* configure headers = read('classpath:headers.js') ........................ passed
When method GET ........................................................... passed
Then status 200 ........................................................... passed
* def result = response.groups ............................................ passed
* match result == ......................................................... passed
* url 'https://api-ssl.bitly.com/v4/groups' ............................... passed
* configure headers = read('classpath:headers.js') ........................ passed
When method GET ........................................................... passed
Then status 200 ........................................................... passed
* def result = response.groups ............................................ passed
* match result == ......................................................... passed
* url 'https://api-ssl.bitly.com/v4/groups' ............................... passed
* configure headers = read('classpath:headers.js') ........................ passed
* request '' .............................................................. passed
* configure charset = null ................................................ passed
When method post .......................................................... passed
Then status 403 ........................................................... passed</system-out>
  </testcase>
  <testcase classname="src.test.java.groups.general" name="validate invalid method calls showing expected code" time="0.160839">
    <system-out>* url 'https://api-ssl.bitly.com/v4/groups' ............................... passed
* configure headers = read('classpath:headers.js') ........................ passed
When method GET ........................................................... passed
Then status 200 ........................................................... passed
* def result = response.groups ............................................ passed
* match result == ......................................................... passed
* url 'https://api-ssl.bitly.com/v4/groups' ............................... passed
* configure headers = read('classpath:headers.js') ........................ passed
When method GET ........................................................... passed
Then status 200 ........................................................... passed
* def result = response.groups ............................................ passed
* match result == ......................................................... passed
* url 'https://api-ssl.bitly.com/v4/groups' ............................... passed
* configure headers = read('classpath:headers.js') ........................ passed
* request '' .............................................................. passed
* configure charset = null ................................................ passed
When method post .......................................................... passed
Then status 403 ........................................................... passed
* url 'https://api-ssl.bitly.com/v4/groups' ............................... passed
* configure headers = read('classpath:headers.js') ........................ passed
* request '' .............................................................. passed
* configure charset = null ................................................ passed
When method put ........................................................... passed
Then status 405 ........................................................... passed</system-out>
  </testcase>
  <testcase classname="src.test.java.groups.general" name="validate invalid method calls showing expected code" time="0.165015">
    <system-out>* url 'https://api-ssl.bitly.com/v4/groups' ............................... passed
* configure headers = read('classpath:headers.js') ........................ passed
When method GET ........................................................... passed
Then status 200 ........................................................... passed
* def result = response.groups ............................................ passed
* match result == ......................................................... passed
* url 'https://api-ssl.bitly.com/v4/groups' ............................... passed
* configure headers = read('classpath:headers.js') ........................ passed
When method GET ........................................................... passed
Then status 200 ........................................................... passed
* def result = response.groups ............................................ passed
* match result == ......................................................... passed
* url 'https://api-ssl.bitly.com/v4/groups' ............................... passed
* configure headers = read('classpath:headers.js') ........................ passed
* request '' .............................................................. passed
* configure charset = null ................................................ passed
When method post .......................................................... passed
Then status 403 ........................................................... passed
* url 'https://api-ssl.bitly.com/v4/groups' ............................... passed
* configure headers = read('classpath:headers.js') ........................ passed
* request '' .............................................................. passed
* configure charset = null ................................................ passed
When method put ........................................................... passed
Then status 405 ........................................................... passed
* url 'https://api-ssl.bitly.com/v4/groups' ............................... passed
* configure headers = read('classpath:headers.js') ........................ passed
* request '' .............................................................. passed
* configure charset = null ................................................ passed
When method Delete ........................................................ passed
Then status 405 ........................................................... passed</system-out>
  </testcase>
  <testcase classname="src.test.java.groups.general" name="validate invalid method calls showing expected code" time="0.158576">
    <system-out>* url 'https://api-ssl.bitly.com/v4/groups' ............................... passed
* configure headers = read('classpath:headers.js') ........................ passed
When method GET ........................................................... passed
Then status 200 ........................................................... passed
* def result = response.groups ............................................ passed
* match result == ......................................................... passed
* url 'https://api-ssl.bitly.com/v4/groups' ............................... passed
* configure headers = read('classpath:headers.js') ........................ passed
When method GET ........................................................... passed
Then status 200 ........................................................... passed
* def result = response.groups ............................................ passed
* match result == ......................................................... passed
* url 'https://api-ssl.bitly.com/v4/groups' ............................... passed
* configure headers = read('classpath:headers.js') ........................ passed
* request '' .............................................................. passed
* configure charset = null ................................................ passed
When method post .......................................................... passed
Then status 403 ........................................................... passed
* url 'https://api-ssl.bitly.com/v4/groups' ............................... passed
* configure headers = read('classpath:headers.js') ........................ passed
* request '' .............................................................. passed
* configure charset = null ................................................ passed
When method put ........................................................... passed
Then status 405 ........................................................... passed
* url 'https://api-ssl.bitly.com/v4/groups' ............................... passed
* configure headers = read('classpath:headers.js') ........................ passed
* request '' .............................................................. passed
* configure charset = null ................................................ passed
When method Delete ........................................................ passed
Then status 405 ........................................................... passed
* url 'https://api-ssl.bitly.com/v4/groups' ............................... passed
* configure headers = read('classpath:headers.js') ........................ passed
* request '' .............................................................. passed
* configure charset = null ................................................ passed
When method patch ......................................................... passed
Then status 405 ........................................................... passed</system-out>
  </testcase>
</testsuite>
