<testsuite failures="0" name="src/test/java/groups.links_sort_pagination.feature" skipped="0" tests="3" time="1.273987">
  <testcase classname="src.test.java.groups.links_sort_pagination" name="contract testing - verify contracts only for first array and pagination" time="0.818607">
    <system-out>* url 'https://api-ssl.bitly.com/v4/groups/Bl39i27Ji5U/bitlinks' .......... passed
* configure headers = read('classpath:headers.js') ........................ passed
When method GET ........................................................... passed
Then status 200 ........................................................... passed
* def result = response ................................................... passed
* match result.links[0].archived == ....................................... passed
And match result.pagination == ............................................ passed</system-out>
  </testcase>
  <testcase classname="src.test.java.groups.links_sort_pagination" name="configuration testing - validate default pagination count" time="0.242171">
    <system-out>* url 'https://api-ssl.bitly.com/v4/groups/Bl39i27Ji5U/bitlinks' .......... passed
* configure headers = read('classpath:headers.js') ........................ passed
When method GET ........................................................... passed
Then status 200 ........................................................... passed
* def result = response ................................................... passed
* match result.links[0].archived == ....................................... passed
And match result.pagination == ............................................ passed
* url 'https://api-ssl.bitly.com/v4/groups/Bl39i27Ji5U/bitlinks' .......... passed
* configure headers = read('classpath:headers.js') ........................ passed
When method GET ........................................................... passed
Then status 200 ........................................................... passed
* def result = response ................................................... passed
* match result.pagination.size == 50 ...................................... passed</system-out>
  </testcase>
  <testcase classname="src.test.java.groups.links_sort_pagination" name="Validate total links generated for this group" time="0.21321">
    <system-out>* url 'https://api-ssl.bitly.com/v4/groups/Bl39i27Ji5U/bitlinks' .......... passed
* configure headers = read('classpath:headers.js') ........................ passed
When method GET ........................................................... passed
Then status 200 ........................................................... passed
* def result = response ................................................... passed
* match result.links[0].archived == ....................................... passed
And match result.pagination == ............................................ passed
* url 'https://api-ssl.bitly.com/v4/groups/Bl39i27Ji5U/bitlinks' .......... passed
* configure headers = read('classpath:headers.js') ........................ passed
When method GET ........................................................... passed
Then status 200 ........................................................... passed
* def result = response ................................................... passed
* match result.pagination.size == 50 ...................................... passed
* url 'https://api-ssl.bitly.com/v4/groups/Bl39i27Ji5U/bitlinks' .......... passed
* configure headers = read('classpath:headers.js') ........................ passed
When method GET ........................................................... passed
Then status 200 ........................................................... passed
* def result = response ................................................... passed
And assert result.links.length == 17 ...................................... passed
And match result.pagination == ............................................ passed</system-out>
  </testcase>
</testsuite>
