<testsuite failures="0" name="src/test/java/groups.links_sort.feature" skipped="0" tests="7" time="1.692264">
  <testcase classname="src.test.java.groups.links_sort" name="validate clicks based on sort unit_reference-------{defaultValue}" time="0.555591">
    <system-out>* url 'https://api-ssl.bitly.com/v4/groups/Bl39i27Ji5U/bitlinks/clicks' ... passed
* configure headers = read('classpath:headers.js') ........................ passed
Given param unit_reference = '' ........................................... passed
When method GET ........................................................... passed
Then status 200 ........................................................... passed
* def result = response ................................................... passed
* match result.sorted_links == [{"id": "bit.ly/2ODsGly","clicks": 2},{"id": "bit.ly/3rzM0i5","clicks": 1},{"id": "bit.ly/3qAb1s1","clicks": 1},{"id": "bit.ly/3bvcBqO","clicks": 1},{"id": "bit.ly/38lg8Gk","clicks": 1}] . passed</system-out>
  </testcase>
  <testcase classname="src.test.java.groups.links_sort" name="validate clicks based on sort unit_reference--------{minimumRange}" time="0.205747">
    <system-out>* url 'https://api-ssl.bitly.com/v4/groups/Bl39i27Ji5U/bitlinks/clicks' ... passed
* configure headers = read('classpath:headers.js') ........................ passed
Given param unit_reference = '' ........................................... passed
When method GET ........................................................... passed
Then status 200 ........................................................... passed
* def result = response ................................................... passed
* match result.sorted_links == [{"id": "bit.ly/2ODsGly","clicks": 2},{"id": "bit.ly/3rzM0i5","clicks": 1},{"id": "bit.ly/3qAb1s1","clicks": 1},{"id": "bit.ly/3bvcBqO","clicks": 1},{"id": "bit.ly/38lg8Gk","clicks": 1}] . passed
* url 'https://api-ssl.bitly.com/v4/groups/Bl39i27Ji5U/bitlinks/clicks' ... passed
* configure headers = read('classpath:headers.js') ........................ passed
Given param unit_reference = '2021-03-09T15:04:05-0700' ................... passed
When method GET ........................................................... passed
Then status 200 ........................................................... passed
* def result = response ................................................... passed
* match result.sorted_links == [{"id": "bit.ly/2ODsGly","clicks": 2},{"id": "bit.ly/3bvcBqO","clicks": 1},{"id": "bit.ly/38lg8Gk","clicks": 1}] . passed</system-out>
  </testcase>
  <testcase classname="src.test.java.groups.links_sort" name="validate clicks based on sort unit_reference--------{maximumRange}" time="0.180693">
    <system-out>* url 'https://api-ssl.bitly.com/v4/groups/Bl39i27Ji5U/bitlinks/clicks' ... passed
* configure headers = read('classpath:headers.js') ........................ passed
Given param unit_reference = '' ........................................... passed
When method GET ........................................................... passed
Then status 200 ........................................................... passed
* def result = response ................................................... passed
* match result.sorted_links == [{"id": "bit.ly/2ODsGly","clicks": 2},{"id": "bit.ly/3rzM0i5","clicks": 1},{"id": "bit.ly/3qAb1s1","clicks": 1},{"id": "bit.ly/3bvcBqO","clicks": 1},{"id": "bit.ly/38lg8Gk","clicks": 1}] . passed
* url 'https://api-ssl.bitly.com/v4/groups/Bl39i27Ji5U/bitlinks/clicks' ... passed
* configure headers = read('classpath:headers.js') ........................ passed
Given param unit_reference = '2021-03-09T15:04:05-0700' ................... passed
When method GET ........................................................... passed
Then status 200 ........................................................... passed
* def result = response ................................................... passed
* match result.sorted_links == [{"id": "bit.ly/2ODsGly","clicks": 2},{"id": "bit.ly/3bvcBqO","clicks": 1},{"id": "bit.ly/38lg8Gk","clicks": 1}] . passed
* url 'https://api-ssl.bitly.com/v4/groups/Bl39i27Ji5U/bitlinks/clicks' ... passed
* configure headers = read('classpath:headers.js') ........................ passed
Given param unit_reference = '2021-03-12T00:00:00-0000' ................... passed
When method GET ........................................................... passed
Then status 200 ........................................................... passed
* def result = response ................................................... passed
* match result.sorted_links == [{"id": "bit.ly/2ODsGly","clicks": 2},{"id": "bit.ly/3rzM0i5","clicks": 1},{"id": "bit.ly/3qAb1s1","clicks": 1},{"id": "bit.ly/3bvcBqO","clicks": 1},{"id": "bit.ly/38lg8Gk","clicks": 1}] . passed</system-out>
  </testcase>
  <testcase classname="src.test.java.groups.links_sort" name="validate clicks based on sort size--------{minSize}" time="0.176652">
    <system-out>* url 'https://api-ssl.bitly.com/v4/groups/Bl39i27Ji5U/bitlinks/clicks' ... passed
* configure headers = read('classpath:headers.js') ........................ passed
Given param unit_reference = '' ........................................... passed
When method GET ........................................................... passed
Then status 200 ........................................................... passed
* def result = response ................................................... passed
* match result.sorted_links == [{"id": "bit.ly/2ODsGly","clicks": 2},{"id": "bit.ly/3rzM0i5","clicks": 1},{"id": "bit.ly/3qAb1s1","clicks": 1},{"id": "bit.ly/3bvcBqO","clicks": 1},{"id": "bit.ly/38lg8Gk","clicks": 1}] . passed
* url 'https://api-ssl.bitly.com/v4/groups/Bl39i27Ji5U/bitlinks/clicks' ... passed
* configure headers = read('classpath:headers.js') ........................ passed
Given param unit_reference = '2021-03-09T15:04:05-0700' ................... passed
When method GET ........................................................... passed
Then status 200 ........................................................... passed
* def result = response ................................................... passed
* match result.sorted_links == [{"id": "bit.ly/2ODsGly","clicks": 2},{"id": "bit.ly/3bvcBqO","clicks": 1},{"id": "bit.ly/38lg8Gk","clicks": 1}] . passed
* url 'https://api-ssl.bitly.com/v4/groups/Bl39i27Ji5U/bitlinks/clicks' ... passed
* configure headers = read('classpath:headers.js') ........................ passed
Given param unit_reference = '2021-03-12T00:00:00-0000' ................... passed
When method GET ........................................................... passed
Then status 200 ........................................................... passed
* def result = response ................................................... passed
* match result.sorted_links == [{"id": "bit.ly/2ODsGly","clicks": 2},{"id": "bit.ly/3rzM0i5","clicks": 1},{"id": "bit.ly/3qAb1s1","clicks": 1},{"id": "bit.ly/3bvcBqO","clicks": 1},{"id": "bit.ly/38lg8Gk","clicks": 1}] . passed
* url 'https://api-ssl.bitly.com/v4/groups/Bl39i27Ji5U/bitlinks/clicks' ... passed
* configure headers = read('classpath:headers.js') ........................ passed
Given param size = 1 ...................................................... passed
When method GET ........................................................... passed
Then status 200 ........................................................... passed
* def result = response ................................................... passed
* match result.sorted_links == [{"clicks":2,"id":"bit.ly\/2ODsGly"}] ...... passed</system-out>
  </testcase>
  <testcase classname="src.test.java.groups.links_sort" name="validate clicks based on sort size--------{maxSize}" time="0.192252">
    <system-out>* url 'https://api-ssl.bitly.com/v4/groups/Bl39i27Ji5U/bitlinks/clicks' ... passed
* configure headers = read('classpath:headers.js') ........................ passed
Given param unit_reference = '' ........................................... passed
When method GET ........................................................... passed
Then status 200 ........................................................... passed
* def result = response ................................................... passed
* match result.sorted_links == [{"id": "bit.ly/2ODsGly","clicks": 2},{"id": "bit.ly/3rzM0i5","clicks": 1},{"id": "bit.ly/3qAb1s1","clicks": 1},{"id": "bit.ly/3bvcBqO","clicks": 1},{"id": "bit.ly/38lg8Gk","clicks": 1}] . passed
* url 'https://api-ssl.bitly.com/v4/groups/Bl39i27Ji5U/bitlinks/clicks' ... passed
* configure headers = read('classpath:headers.js') ........................ passed
Given param unit_reference = '2021-03-09T15:04:05-0700' ................... passed
When method GET ........................................................... passed
Then status 200 ........................................................... passed
* def result = response ................................................... passed
* match result.sorted_links == [{"id": "bit.ly/2ODsGly","clicks": 2},{"id": "bit.ly/3bvcBqO","clicks": 1},{"id": "bit.ly/38lg8Gk","clicks": 1}] . passed
* url 'https://api-ssl.bitly.com/v4/groups/Bl39i27Ji5U/bitlinks/clicks' ... passed
* configure headers = read('classpath:headers.js') ........................ passed
Given param unit_reference = '2021-03-12T00:00:00-0000' ................... passed
When method GET ........................................................... passed
Then status 200 ........................................................... passed
* def result = response ................................................... passed
* match result.sorted_links == [{"id": "bit.ly/2ODsGly","clicks": 2},{"id": "bit.ly/3rzM0i5","clicks": 1},{"id": "bit.ly/3qAb1s1","clicks": 1},{"id": "bit.ly/3bvcBqO","clicks": 1},{"id": "bit.ly/38lg8Gk","clicks": 1}] . passed
* url 'https://api-ssl.bitly.com/v4/groups/Bl39i27Ji5U/bitlinks/clicks' ... passed
* configure headers = read('classpath:headers.js') ........................ passed
Given param size = 1 ...................................................... passed
When method GET ........................................................... passed
Then status 200 ........................................................... passed
* def result = response ................................................... passed
* match result.sorted_links == [{"clicks":2,"id":"bit.ly\/2ODsGly"}] ...... passed
* url 'https://api-ssl.bitly.com/v4/groups/Bl39i27Ji5U/bitlinks/clicks' ... passed
* configure headers = read('classpath:headers.js') ........................ passed
Given param size = 5 ...................................................... passed
When method GET ........................................................... passed
Then status 200 ........................................................... passed
* def result = response ................................................... passed
* match result.sorted_links == [{"id": "bit.ly/2ODsGly","clicks": 2},{"id": "bit.ly/3rzM0i5","clicks": 1},{"id": "bit.ly/3qAb1s1","clicks": 1},{"id": "bit.ly/3bvcBqO","clicks": 1},{"id": "bit.ly/38lg8Gk","clicks": 1}] . passed</system-out>
  </testcase>
  <testcase classname="src.test.java.groups.links_sort" name="validate clicks based on sort units--------{defaultUnits}" time="0.185098">
    <system-out>* url 'https://api-ssl.bitly.com/v4/groups/Bl39i27Ji5U/bitlinks/clicks' ... passed
* configure headers = read('classpath:headers.js') ........................ passed
Given param unit_reference = '' ........................................... passed
When method GET ........................................................... passed
Then status 200 ........................................................... passed
* def result = response ................................................... passed
* match result.sorted_links == [{"id": "bit.ly/2ODsGly","clicks": 2},{"id": "bit.ly/3rzM0i5","clicks": 1},{"id": "bit.ly/3qAb1s1","clicks": 1},{"id": "bit.ly/3bvcBqO","clicks": 1},{"id": "bit.ly/38lg8Gk","clicks": 1}] . passed
* url 'https://api-ssl.bitly.com/v4/groups/Bl39i27Ji5U/bitlinks/clicks' ... passed
* configure headers = read('classpath:headers.js') ........................ passed
Given param unit_reference = '2021-03-09T15:04:05-0700' ................... passed
When method GET ........................................................... passed
Then status 200 ........................................................... passed
* def result = response ................................................... passed
* match result.sorted_links == [{"id": "bit.ly/2ODsGly","clicks": 2},{"id": "bit.ly/3bvcBqO","clicks": 1},{"id": "bit.ly/38lg8Gk","clicks": 1}] . passed
* url 'https://api-ssl.bitly.com/v4/groups/Bl39i27Ji5U/bitlinks/clicks' ... passed
* configure headers = read('classpath:headers.js') ........................ passed
Given param unit_reference = '2021-03-12T00:00:00-0000' ................... passed
When method GET ........................................................... passed
Then status 200 ........................................................... passed
* def result = response ................................................... passed
* match result.sorted_links == [{"id": "bit.ly/2ODsGly","clicks": 2},{"id": "bit.ly/3rzM0i5","clicks": 1},{"id": "bit.ly/3qAb1s1","clicks": 1},{"id": "bit.ly/3bvcBqO","clicks": 1},{"id": "bit.ly/38lg8Gk","clicks": 1}] . passed
* url 'https://api-ssl.bitly.com/v4/groups/Bl39i27Ji5U/bitlinks/clicks' ... passed
* configure headers = read('classpath:headers.js') ........................ passed
Given param size = 1 ...................................................... passed
When method GET ........................................................... passed
Then status 200 ........................................................... passed
* def result = response ................................................... passed
* match result.sorted_links == [{"clicks":2,"id":"bit.ly\/2ODsGly"}] ...... passed
* url 'https://api-ssl.bitly.com/v4/groups/Bl39i27Ji5U/bitlinks/clicks' ... passed
* configure headers = read('classpath:headers.js') ........................ passed
Given param size = 5 ...................................................... passed
When method GET ........................................................... passed
Then status 200 ........................................................... passed
* def result = response ................................................... passed
* match result.sorted_links == [{"id": "bit.ly/2ODsGly","clicks": 2},{"id": "bit.ly/3rzM0i5","clicks": 1},{"id": "bit.ly/3qAb1s1","clicks": 1},{"id": "bit.ly/3bvcBqO","clicks": 1},{"id": "bit.ly/38lg8Gk","clicks": 1}] . passed
* url 'https://api-ssl.bitly.com/v4/groups/Bl39i27Ji5U/bitlinks/clicks' ... passed
* configure headers = read('classpath:headers.js') ........................ passed
Given param units = -1 .................................................... passed
When method GET ........................................................... passed
Then status 200 ........................................................... passed
* def result = response ................................................... passed
* match result.sorted_links == [{"id": "bit.ly/2ODsGly","clicks": 2},{"id": "bit.ly/3rzM0i5","clicks": 1},{"id": "bit.ly/3qAb1s1","clicks": 1},{"id": "bit.ly/3bvcBqO","clicks": 1},{"id": "bit.ly/38lg8Gk","clicks": 1}] . passed</system-out>
  </testcase>
  <testcase classname="src.test.java.groups.links_sort" name="validate clicks based on sort unit--------{defaultUnit}" time="0.19623">
    <system-out>* url 'https://api-ssl.bitly.com/v4/groups/Bl39i27Ji5U/bitlinks/clicks' ... passed
* configure headers = read('classpath:headers.js') ........................ passed
Given param unit_reference = '' ........................................... passed
When method GET ........................................................... passed
Then status 200 ........................................................... passed
* def result = response ................................................... passed
* match result.sorted_links == [{"id": "bit.ly/2ODsGly","clicks": 2},{"id": "bit.ly/3rzM0i5","clicks": 1},{"id": "bit.ly/3qAb1s1","clicks": 1},{"id": "bit.ly/3bvcBqO","clicks": 1},{"id": "bit.ly/38lg8Gk","clicks": 1}] . passed
* url 'https://api-ssl.bitly.com/v4/groups/Bl39i27Ji5U/bitlinks/clicks' ... passed
* configure headers = read('classpath:headers.js') ........................ passed
Given param unit_reference = '2021-03-09T15:04:05-0700' ................... passed
When method GET ........................................................... passed
Then status 200 ........................................................... passed
* def result = response ................................................... passed
* match result.sorted_links == [{"id": "bit.ly/2ODsGly","clicks": 2},{"id": "bit.ly/3bvcBqO","clicks": 1},{"id": "bit.ly/38lg8Gk","clicks": 1}] . passed
* url 'https://api-ssl.bitly.com/v4/groups/Bl39i27Ji5U/bitlinks/clicks' ... passed
* configure headers = read('classpath:headers.js') ........................ passed
Given param unit_reference = '2021-03-12T00:00:00-0000' ................... passed
When method GET ........................................................... passed
Then status 200 ........................................................... passed
* def result = response ................................................... passed
* match result.sorted_links == [{"id": "bit.ly/2ODsGly","clicks": 2},{"id": "bit.ly/3rzM0i5","clicks": 1},{"id": "bit.ly/3qAb1s1","clicks": 1},{"id": "bit.ly/3bvcBqO","clicks": 1},{"id": "bit.ly/38lg8Gk","clicks": 1}] . passed
* url 'https://api-ssl.bitly.com/v4/groups/Bl39i27Ji5U/bitlinks/clicks' ... passed
* configure headers = read('classpath:headers.js') ........................ passed
Given param size = 1 ...................................................... passed
When method GET ........................................................... passed
Then status 200 ........................................................... passed
* def result = response ................................................... passed
* match result.sorted_links == [{"clicks":2,"id":"bit.ly\/2ODsGly"}] ...... passed
* url 'https://api-ssl.bitly.com/v4/groups/Bl39i27Ji5U/bitlinks/clicks' ... passed
* configure headers = read('classpath:headers.js') ........................ passed
Given param size = 5 ...................................................... passed
When method GET ........................................................... passed
Then status 200 ........................................................... passed
* def result = response ................................................... passed
* match result.sorted_links == [{"id": "bit.ly/2ODsGly","clicks": 2},{"id": "bit.ly/3rzM0i5","clicks": 1},{"id": "bit.ly/3qAb1s1","clicks": 1},{"id": "bit.ly/3bvcBqO","clicks": 1},{"id": "bit.ly/38lg8Gk","clicks": 1}] . passed
* url 'https://api-ssl.bitly.com/v4/groups/Bl39i27Ji5U/bitlinks/clicks' ... passed
* configure headers = read('classpath:headers.js') ........................ passed
Given param units = -1 .................................................... passed
When method GET ........................................................... passed
Then status 200 ........................................................... passed
* def result = response ................................................... passed
* match result.sorted_links == [{"id": "bit.ly/2ODsGly","clicks": 2},{"id": "bit.ly/3rzM0i5","clicks": 1},{"id": "bit.ly/3qAb1s1","clicks": 1},{"id": "bit.ly/3bvcBqO","clicks": 1},{"id": "bit.ly/38lg8Gk","clicks": 1}] . passed
* url 'https://api-ssl.bitly.com/v4/groups/Bl39i27Ji5U/bitlinks/clicks' ... passed
* configure headers = read('classpath:headers.js') ........................ passed
Given param unit = 'day' .................................................. passed
When method GET ........................................................... passed
Then status 200 ........................................................... passed
* def result = response ................................................... passed
* match result.sorted_links == [{"id": "bit.ly/2ODsGly","clicks": 2},{"id": "bit.ly/3rzM0i5","clicks": 1},{"id": "bit.ly/3qAb1s1","clicks": 1},{"id": "bit.ly/3bvcBqO","clicks": 1},{"id": "bit.ly/38lg8Gk","clicks": 1}] . passed</system-out>
  </testcase>
</testsuite>
